Using pre-set license
Built from '2020.3/staging' branch; Version is '2020.3.11f1 (99c7afb366b3) revision 10078127'; Using compiler version '192528614'; Build Type 'Release'
OS: 'Windows 10 Pro; OS build 19042.1165; Version 2009; 64bit' Language: 'ko' Physical Memory: 8150 MB
BatchMode: 1, IsHumanControllingUs: 0, StartBugReporterOnCrash: 0, Is64bit: 1, IsPro: 0

 COMMAND LINE ARGUMENTS:
C:\Program Files\Unity\Hub\Editor\2020.3.11f1\Editor\Unity.exe
-adb2
-batchMode
-noUpm
-name
AssetImportWorker0
-projectPath
C:/Users/admin/Documents/GitHub/Unity/Practice/Task_HollowKnight_Player_Test
-logFile
Logs/AssetImportWorker0.log
-srvPort
56673
Successfully changed project path to: C:/Users/admin/Documents/GitHub/Unity/Practice/Task_HollowKnight_Player_Test
C:/Users/admin/Documents/GitHub/Unity/Practice/Task_HollowKnight_Player_Test
Using Asset Import Pipeline V2.
Refreshing native plugins compatible for Editor in 60.49 ms, found 3 plugins.
Preloading 0 native plugins for Editor in 0.00 ms.
Initialize engine version: 2020.3.11f1 (99c7afb366b3)
[Subsystems] Discovering subsystems at path C:/Program Files/Unity/Hub/Editor/2020.3.11f1/Editor/Data/Resources/UnitySubsystems
[Subsystems] Discovering subsystems at path C:/Users/admin/Documents/GitHub/Unity/Practice/Task_HollowKnight_Player_Test/Assets
GfxDevice: creating device client; threaded=0
Direct3D:
    Version:  Direct3D 11.0 [level 11.1]
    Renderer: NVIDIA GeForce GTX 1050 Ti (ID=0x1c82)
    Vendor:   
    VRAM:     4018 MB
    Driver:   27.21.14.5671
Initialize mono
Mono path[0] = 'C:/Program Files/Unity/Hub/Editor/2020.3.11f1/Editor/Data/Managed'
Mono path[1] = 'C:/Program Files/Unity/Hub/Editor/2020.3.11f1/Editor/Data/MonoBleedingEdge/lib/mono/unityjit'
Mono config path = 'C:/Program Files/Unity/Hub/Editor/2020.3.11f1/Editor/Data/MonoBleedingEdge/etc'
Using monoOptions --debugger-agent=transport=dt_socket,embedding=1,server=y,suspend=n,address=127.0.0.1:56288
Begin MonoManager ReloadAssembly
Registering precompiled unity dll's ...
Register platform support module: C:/Program Files/Unity/Hub/Editor/2020.3.11f1/Editor/Data/PlaybackEngines/WindowsStandaloneSupport/UnityEditor.WindowsStandalone.Extensions.dll
Registered in 0.002109 seconds.
Native extension for WindowsStandalone target not found
Refreshing native plugins compatible for Editor in 46.02 ms, found 3 plugins.
Preloading 0 native plugins for Editor in 0.00 ms.
Mono: successfully reloaded assembly
- Completed reload, in  2.201 seconds
Platform modules already initialized, skipping
Registering precompiled user dll's ...
Registered in 0.005044 seconds.
Begin MonoManager ReloadAssembly
Native extension for WindowsStandalone target not found
Refreshing native plugins compatible for Editor in 44.77 ms, found 3 plugins.
Preloading 0 native plugins for Editor in 0.00 ms.
Mono: successfully reloaded assembly
- Completed reload, in  1.252 seconds
Platform modules already initialized, skipping
========================================================================
Worker process is ready to serve import requests
Launched and connected shader compiler UnityShaderCompiler.exe after 0.05 seconds
Refreshing native plugins compatible for Editor in 0.53 ms, found 3 plugins.
Preloading 0 native plugins for Editor in 0.00 ms.
Unloading 2088 Unused Serialized files (Serialized files now loaded: 0)
System memory in use before: 180.8 MB.
System memory in use after: 180.8 MB.

Unloading 33 unused Assets to reduce memory usage. Loaded Objects now: 2547.
Total: 2.496400 ms (FindLiveObjects: 0.197100 ms CreateObjectMapping: 0.081700 ms MarkObjects: 2.031700 ms  DeleteObjects: 0.185100 ms)

========================================================================
Received Import Request.
  path: Assets/06.Animations/Player/Player.controller
  artifactKey: Guid(f82be2676c1c3754699f4b93ade7d834) Importer(815301076,1909f56bfc062723c751e8b465ee728b)
Start importing Assets/06.Animations/Player/Player.controller using Guid(f82be2676c1c3754699f4b93ade7d834) Importer(815301076,1909f56bfc062723c751e8b465ee728b)  -> (artifact id: 'd79e8e9719057caff4cd1c098ce4e1dd') in 0.069718 seconds
  Import took 0.073883 seconds .

========================================================================
Received Prepare
Registering precompiled user dll's ...
Registered in 0.322922 seconds.
Begin MonoManager ReloadAssembly
Native extension for WindowsStandalone target not found
Refreshing native plugins compatible for Editor in 0.51 ms, found 3 plugins.
Preloading 0 native plugins for Editor in 0.00 ms.
Mono: successfully reloaded assembly
- Completed reload, in  1.383 seconds
Platform modules already initialized, skipping
Refreshing native plugins compatible for Editor in 0.50 ms, found 3 plugins.
Preloading 0 native plugins for Editor in 0.00 ms.
Unloading 2081 Unused Serialized files (Serialized files now loaded: 0)
System memory in use before: 180.6 MB.
System memory in use after: 180.6 MB.

Unloading 21 unused Assets to reduce memory usage. Loaded Objects now: 2551.
Total: 5.858100 ms (FindLiveObjects: 0.223400 ms CreateObjectMapping: 0.105900 ms MarkObjects: 3.597700 ms  DeleteObjects: 1.929400 ms)

========================================================================
Received Prepare
Registering precompiled user dll's ...
Registered in 0.005039 seconds.
Begin MonoManager ReloadAssembly
Native extension for WindowsStandalone target not found
Refreshing native plugins compatible for Editor in 0.51 ms, found 3 plugins.
Preloading 0 native plugins for Editor in 0.00 ms.
Mono: successfully reloaded assembly
- Completed reload, in  1.052 seconds
Platform modules already initialized, skipping
Refreshing native plugins compatible for Editor in 0.52 ms, found 3 plugins.
Preloading 0 native plugins for Editor in 0.00 ms.
Unloading 2081 Unused Serialized files (Serialized files now loaded: 0)
System memory in use before: 180.7 MB.
System memory in use after: 180.6 MB.

Unloading 21 unused Assets to reduce memory usage. Loaded Objects now: 2555.
Total: 2.492300 ms (FindLiveObjects: 0.210000 ms CreateObjectMapping: 0.082900 ms MarkObjects: 2.044000 ms  DeleteObjects: 0.154400 ms)

========================================================================
Received Prepare
Registering precompiled user dll's ...
Registered in 0.005131 seconds.
Begin MonoManager ReloadAssembly
Native extension for WindowsStandalone target not found
Refreshing native plugins compatible for Editor in 0.71 ms, found 3 plugins.
Preloading 0 native plugins for Editor in 0.00 ms.
Mono: successfully reloaded assembly
- Completed reload, in  1.080 seconds
Platform modules already initialized, skipping
Refreshing native plugins compatible for Editor in 0.50 ms, found 3 plugins.
Preloading 0 native plugins for Editor in 0.00 ms.
Unloading 2081 Unused Serialized files (Serialized files now loaded: 0)
System memory in use before: 180.7 MB.
System memory in use after: 180.7 MB.

Unloading 21 unused Assets to reduce memory usage. Loaded Objects now: 2559.
Total: 2.518900 ms (FindLiveObjects: 0.214100 ms CreateObjectMapping: 0.085700 ms MarkObjects: 2.065800 ms  DeleteObjects: 0.152100 ms)

========================================================================
Received Prepare
Registering precompiled user dll's ...
Registered in 0.005395 seconds.
Begin MonoManager ReloadAssembly
Native extension for WindowsStandalone target not found
Refreshing native plugins compatible for Editor in 0.49 ms, found 3 plugins.
Preloading 0 native plugins for Editor in 0.00 ms.
Mono: successfully reloaded assembly
- Completed reload, in  1.039 seconds
Platform modules already initialized, skipping
Refreshing native plugins compatible for Editor in 0.51 ms, found 3 plugins.
Preloading 0 native plugins for Editor in 0.00 ms.
Unloading 2081 Unused Serialized files (Serialized files now loaded: 0)
System memory in use before: 180.7 MB.
System memory in use after: 180.7 MB.

Unloading 21 unused Assets to reduce memory usage. Loaded Objects now: 2563.
Total: 2.598100 ms (FindLiveObjects: 0.213000 ms CreateObjectMapping: 0.079200 ms MarkObjects: 2.144300 ms  DeleteObjects: 0.160400 ms)

========================================================================
Received Import Request.
  Time since last request: 1076.782578 seconds.
  path: Assets/02.Scripts/PlayerCtrl.cs
  artifactKey: Guid(e6f67e336cec0a44285607457924a9ad) Importer(815301076,1909f56bfc062723c751e8b465ee728b)
Start importing Assets/02.Scripts/PlayerCtrl.cs using Guid(e6f67e336cec0a44285607457924a9ad) Importer(815301076,1909f56bfc062723c751e8b465ee728b)  -> (artifact id: '0fb0aa2b563b44e9706f49b3a0a0e4b9') in 0.020729 seconds
  Import took 0.025430 seconds .

========================================================================
Received Import Request.
  Time since last request: 0.021802 seconds.
  path: Assets/02.Scripts/PlayerCtrl.cs
  artifactKey: Guid(e6f67e336cec0a44285607457924a9ad) Importer(815301076,1909f56bfc062723c751e8b465ee728b)
Start importing Assets/02.Scripts/PlayerCtrl.cs using Guid(e6f67e336cec0a44285607457924a9ad) Importer(815301076,1909f56bfc062723c751e8b465ee728b)  -> (artifact id: '0fb0aa2b563b44e9706f49b3a0a0e4b9') in 0.003744 seconds
  Import took 0.008689 seconds .

========================================================================
Received Prepare
Registering precompiled user dll's ...
Registered in 0.006457 seconds.
Begin MonoManager ReloadAssembly
Native extension for WindowsStandalone target not found
Refreshing native plugins compatible for Editor in 0.65 ms, found 3 plugins.
Preloading 0 native plugins for Editor in 0.00 ms.
Mono: successfully reloaded assembly
- Completed reload, in  1.442 seconds
Platform modules already initialized, skipping
Refreshing native plugins compatible for Editor in 0.60 ms, found 3 plugins.
Preloading 0 native plugins for Editor in 0.00 ms.
Unloading 2081 Unused Serialized files (Serialized files now loaded: 0)
System memory in use before: 180.7 MB.
System memory in use after: 180.7 MB.

Unloading 21 unused Assets to reduce memory usage. Loaded Objects now: 2567.
Total: 2.799400 ms (FindLiveObjects: 0.386600 ms CreateObjectMapping: 0.156800 ms MarkObjects: 2.133400 ms  DeleteObjects: 0.121500 ms)

========================================================================
Received Prepare
Registering precompiled user dll's ...
Registered in 0.009074 seconds.
Begin MonoManager ReloadAssembly
Native extension for WindowsStandalone target not found
Refreshing native plugins compatible for Editor in 0.60 ms, found 3 plugins.
Preloading 0 native plugins for Editor in 0.00 ms.
Mono: successfully reloaded assembly
- Completed reload, in  6.057 seconds
Platform modules already initialized, skipping
Refreshing native plugins compatible for Editor in 0.53 ms, found 3 plugins.
Preloading 0 native plugins for Editor in 0.00 ms.
Unloading 2081 Unused Serialized files (Serialized files now loaded: 0)
System memory in use before: 180.7 MB.
System memory in use after: 180.7 MB.

Unloading 21 unused Assets to reduce memory usage. Loaded Objects now: 2571.
Total: 3.734700 ms (FindLiveObjects: 0.249200 ms CreateObjectMapping: 0.112000 ms MarkObjects: 3.212700 ms  DeleteObjects: 0.159400 ms)

========================================================================
Received Prepare
Registering precompiled user dll's ...
Registered in 0.007300 seconds.
Begin MonoManager ReloadAssembly
Native extension for WindowsStandalone target not found
Refreshing native plugins compatible for Editor in 0.47 ms, found 3 plugins.
Preloading 0 native plugins for Editor in 0.00 ms.
Mono: successfully reloaded assembly
- Completed reload, in  5.842 seconds
Platform modules already initialized, skipping
Refreshing native plugins compatible for Editor in 1.02 ms, found 3 plugins.
Preloading 0 native plugins for Editor in 0.00 ms.
Unloading 2081 Unused Serialized files (Serialized files now loaded: 0)
System memory in use before: 180.7 MB.
System memory in use after: 180.7 MB.

Unloading 21 unused Assets to reduce memory usage. Loaded Objects now: 2575.
Total: 3.999500 ms (FindLiveObjects: 0.254700 ms CreateObjectMapping: 0.100700 ms MarkObjects: 3.472700 ms  DeleteObjects: 0.169200 ms)

========================================================================
Received Prepare
Registering precompiled user dll's ...
Registered in 0.005376 seconds.
Begin MonoManager ReloadAssembly
Native extension for WindowsStandalone target not found
Refreshing native plugins compatible for Editor in 0.47 ms, found 3 plugins.
Preloading 0 native plugins for Editor in 0.00 ms.
Mono: successfully reloaded assembly
- Completed reload, in  1.052 seconds
Platform modules already initialized, skipping
Refreshing native plugins compatible for Editor in 0.53 ms, found 3 plugins.
Preloading 0 native plugins for Editor in 0.00 ms.
Unloading 2081 Unused Serialized files (Serialized files now loaded: 0)
System memory in use before: 180.8 MB.
System memory in use after: 180.7 MB.

Unloading 21 unused Assets to reduce memory usage. Loaded Objects now: 2579.
Total: 2.779500 ms (FindLiveObjects: 0.218000 ms CreateObjectMapping: 0.088200 ms MarkObjects: 2.322600 ms  DeleteObjects: 0.149700 ms)

========================================================================
Received Prepare
Registering precompiled user dll's ...
Registered in 0.005485 seconds.
Begin MonoManager ReloadAssembly
Native extension for WindowsStandalone target not found
Refreshing native plugins compatible for Editor in 0.52 ms, found 3 plugins.
Preloading 0 native plugins for Editor in 0.00 ms.
Mono: successfully reloaded assembly
- Completed reload, in  1.065 seconds
Platform modules already initialized, skipping
Refreshing native plugins compatible for Editor in 0.50 ms, found 3 plugins.
Preloading 0 native plugins for Editor in 0.00 ms.
Unloading 2081 Unused Serialized files (Serialized files now loaded: 0)
System memory in use before: 180.8 MB.
System memory in use after: 180.8 MB.

Unloading 21 unused Assets to reduce memory usage. Loaded Objects now: 2583.
Total: 2.978200 ms (FindLiveObjects: 0.203400 ms CreateObjectMapping: 0.079900 ms MarkObjects: 2.498500 ms  DeleteObjects: 0.181500 ms)

========================================================================
Received Prepare
Registering precompiled user dll's ...
Registered in 0.004563 seconds.
Begin MonoManager ReloadAssembly
Native extension for WindowsStandalone target not found
Refreshing native plugins compatible for Editor in 0.48 ms, found 3 plugins.
Preloading 0 native plugins for Editor in 0.00 ms.
Mono: successfully reloaded assembly
- Completed reload, in  1.124 seconds
Platform modules already initialized, skipping
Refreshing native plugins compatible for Editor in 0.48 ms, found 3 plugins.
Preloading 0 native plugins for Editor in 0.00 ms.
Unloading 2081 Unused Serialized files (Serialized files now loaded: 0)
System memory in use before: 180.9 MB.
System memory in use after: 180.8 MB.

Unloading 21 unused Assets to reduce memory usage. Loaded Objects now: 2587.
Total: 3.280300 ms (FindLiveObjects: 0.189600 ms CreateObjectMapping: 0.073500 ms MarkObjects: 2.858600 ms  DeleteObjects: 0.157400 ms)

========================================================================
Received Prepare
Registering precompiled user dll's ...
Registered in 0.007617 seconds.
Begin MonoManager ReloadAssembly
Native extension for WindowsStandalone target not found
Refreshing native plugins compatible for Editor in 0.50 ms, found 3 plugins.
Preloading 0 native plugins for Editor in 0.00 ms.
Mono: successfully reloaded assembly
- Completed reload, in  4.330 seconds
Platform modules already initialized, skipping
Refreshing native plugins compatible for Editor in 0.51 ms, found 3 plugins.
Preloading 0 native plugins for Editor in 0.00 ms.
Unloading 2081 Unused Serialized files (Serialized files now loaded: 0)
System memory in use before: 180.9 MB.
System memory in use after: 180.8 MB.

Unloading 21 unused Assets to reduce memory usage. Loaded Objects now: 2591.
Total: 3.993700 ms (FindLiveObjects: 0.531800 ms CreateObjectMapping: 0.319900 ms MarkObjects: 2.880500 ms  DeleteObjects: 0.259400 ms)

========================================================================
Received Prepare
Registering precompiled user dll's ...
Registered in 0.005667 seconds.
Begin MonoManager ReloadAssembly
Native extension for WindowsStandalone target not found
Refreshing native plugins compatible for Editor in 0.47 ms, found 3 plugins.
Preloading 0 native plugins for Editor in 0.00 ms.
Mono: successfully reloaded assembly
- Completed reload, in  3.875 seconds
Platform modules already initialized, skipping
Refreshing native plugins compatible for Editor in 0.51 ms, found 3 plugins.
Preloading 0 native plugins for Editor in 0.00 ms.
Unloading 2081 Unused Serialized files (Serialized files now loaded: 0)
System memory in use before: 180.9 MB.
System memory in use after: 180.9 MB.

Unloading 21 unused Assets to reduce memory usage. Loaded Objects now: 2595.
Total: 2.970900 ms (FindLiveObjects: 0.210500 ms CreateObjectMapping: 0.083500 ms MarkObjects: 2.520600 ms  DeleteObjects: 0.155000 ms)

========================================================================
Received Prepare
Registering precompiled user dll's ...
Registered in 0.005345 seconds.
Begin MonoManager ReloadAssembly
Native extension for WindowsStandalone target not found
Refreshing native plugins compatible for Editor in 0.50 ms, found 3 plugins.
Preloading 0 native plugins for Editor in 0.00 ms.
Mono: successfully reloaded assembly
- Completed reload, in  1.198 seconds
Platform modules already initialized, skipping
Refreshing native plugins compatible for Editor in 0.49 ms, found 3 plugins.
Preloading 0 native plugins for Editor in 0.00 ms.
Unloading 2081 Unused Serialized files (Serialized files now loaded: 0)
System memory in use before: 180.9 MB.
System memory in use after: 180.9 MB.

Unloading 21 unused Assets to reduce memory usage. Loaded Objects now: 2599.
Total: 3.484700 ms (FindLiveObjects: 0.787900 ms CreateObjectMapping: 0.304100 ms MarkObjects: 2.246400 ms  DeleteObjects: 0.145000 ms)

========================================================================
Received Prepare
Registering precompiled user dll's ...
Registered in 0.005039 seconds.
Begin MonoManager ReloadAssembly
Native extension for WindowsStandalone target not found
Refreshing native plugins compatible for Editor in 0.48 ms, found 3 plugins.
Preloading 0 native plugins for Editor in 0.00 ms.
Mono: successfully reloaded assembly
- Completed reload, in  1.061 seconds
Platform modules already initialized, skipping
Refreshing native plugins compatible for Editor in 0.50 ms, found 3 plugins.
Preloading 0 native plugins for Editor in 0.00 ms.
Unloading 2081 Unused Serialized files (Serialized files now loaded: 0)
System memory in use before: 180.9 MB.
System memory in use after: 180.9 MB.

Unloading 21 unused Assets to reduce memory usage. Loaded Objects now: 2603.
Total: 2.602600 ms (FindLiveObjects: 0.212500 ms CreateObjectMapping: 0.085500 ms MarkObjects: 2.140700 ms  DeleteObjects: 0.162800 ms)

========================================================================
Received Prepare
Registering precompiled user dll's ...
Registered in 0.006475 seconds.
Begin MonoManager ReloadAssembly
Native extension for WindowsStandalone target not found
Refreshing native plugins compatible for Editor in 0.53 ms, found 3 plugins.
Preloading 0 native plugins for Editor in 0.00 ms.
Mono: successfully reloaded assembly
- Completed reload, in  1.097 seconds
Platform modules already initialized, skipping
Refreshing native plugins compatible for Editor in 0.49 ms, found 3 plugins.
Preloading 0 native plugins for Editor in 0.00 ms.
Unloading 2081 Unused Serialized files (Serialized files now loaded: 0)
System memory in use before: 180.9 MB.
System memory in use after: 180.9 MB.

Unloading 21 unused Assets to reduce memory usage. Loaded Objects now: 2607.
Total: 2.331200 ms (FindLiveObjects: 0.200700 ms CreateObjectMapping: 0.080800 ms MarkObjects: 1.889400 ms  DeleteObjects: 0.159500 ms)

========================================================================
Received Prepare
Registering precompiled user dll's ...
Registered in 0.007145 seconds.
Begin MonoManager ReloadAssembly
Native extension for WindowsStandalone target not found
Refreshing native plugins compatible for Editor in 0.51 ms, found 3 plugins.
Preloading 0 native plugins for Editor in 0.00 ms.
Mono: successfully reloaded assembly
- Completed reload, in  1.166 seconds
Platform modules already initialized, skipping
Refreshing native plugins compatible for Editor in 0.51 ms, found 3 plugins.
Preloading 0 native plugins for Editor in 0.00 ms.
Unloading 2081 Unused Serialized files (Serialized files now loaded: 0)
System memory in use before: 180.9 MB.
System memory in use after: 180.9 MB.

Unloading 21 unused Assets to reduce memory usage. Loaded Objects now: 2611.
Total: 2.331700 ms (FindLiveObjects: 0.196000 ms CreateObjectMapping: 0.078200 ms MarkObjects: 1.888400 ms  DeleteObjects: 0.168000 ms)

========================================================================
Received Prepare
Registering precompiled user dll's ...
Registered in 0.004501 seconds.
Begin MonoManager ReloadAssembly
Native extension for WindowsStandalone target not found
Refreshing native plugins compatible for Editor in 0.47 ms, found 3 plugins.
Preloading 0 native plugins for Editor in 0.00 ms.
Mono: successfully reloaded assembly
- Completed reload, in  1.067 seconds
Platform modules already initialized, skipping
Refreshing native plugins compatible for Editor in 0.48 ms, found 3 plugins.
Preloading 0 native plugins for Editor in 0.00 ms.
Unloading 2081 Unused Serialized files (Serialized files now loaded: 0)
System memory in use before: 180.9 MB.
System memory in use after: 180.9 MB.

Unloading 21 unused Assets to reduce memory usage. Loaded Objects now: 2615.
Total: 2.563200 ms (FindLiveObjects: 0.196300 ms CreateObjectMapping: 0.071900 ms MarkObjects: 2.109600 ms  DeleteObjects: 0.184400 ms)

========================================================================
Received Prepare
Registering precompiled user dll's ...
Registered in 0.005159 seconds.
Begin MonoManager ReloadAssembly
Native extension for WindowsStandalone target not found
Refreshing native plugins compatible for Editor in 0.69 ms, found 3 plugins.
Preloading 0 native plugins for Editor in 0.00 ms.
Mono: successfully reloaded assembly
- Completed reload, in  1.952 seconds
Platform modules already initialized, skipping
Refreshing native plugins compatible for Editor in 0.51 ms, found 3 plugins.
Preloading 0 native plugins for Editor in 0.00 ms.
Unloading 2081 Unused Serialized files (Serialized files now loaded: 0)
System memory in use before: 180.9 MB.
System memory in use after: 180.9 MB.

Unloading 21 unused Assets to reduce memory usage. Loaded Objects now: 2619.
Total: 3.216700 ms (FindLiveObjects: 0.342500 ms CreateObjectMapping: 0.102900 ms MarkObjects: 2.628000 ms  DeleteObjects: 0.141900 ms)

========================================================================
Received Import Request.
  Time since last request: 5513.761362 seconds.
  path: Assets/06.Animations/Player/Player.controller
  artifactKey: Guid(f82be2676c1c3754699f4b93ade7d834) Importer(815301076,1909f56bfc062723c751e8b465ee728b)
Start importing Assets/06.Animations/Player/Player.controller using Guid(f82be2676c1c3754699f4b93ade7d834) Importer(815301076,1909f56bfc062723c751e8b465ee728b)  -> (artifact id: 'b1b45393b2f052cd7f1756a38c7652da') in 0.187326 seconds
  Import took 0.194758 seconds .

========================================================================
Received Import Request.
  Time since last request: 861.704403 seconds.
  path: Assets/04.Sprites/Player_Edit.png
  artifactKey: Guid(4fe28f23e10d8cb46b60114a233b89a2) Importer(815301076,1909f56bfc062723c751e8b465ee728b)
Start importing Assets/04.Sprites/Player_Edit.png using Guid(4fe28f23e10d8cb46b60114a233b89a2) Importer(815301076,1909f56bfc062723c751e8b465ee728b)  -> (artifact id: 'e4d59d1cccfeb2170719b2b5a7d9201c') in 0.376800 seconds
  Import took 0.385127 seconds .

========================================================================
Received Import Request.
  Time since last request: 91.495900 seconds.
  path: Assets/04.Sprites/Player_Edit.png
  artifactKey: Guid(4fe28f23e10d8cb46b60114a233b89a2) Importer(815301076,1909f56bfc062723c751e8b465ee728b)
Start importing Assets/04.Sprites/Player_Edit.png using Guid(4fe28f23e10d8cb46b60114a233b89a2) Importer(815301076,1909f56bfc062723c751e8b465ee728b)  -> (artifact id: '82442fb16d1d958dc0311769dd0cbe01') in 0.324704 seconds
  Import took 0.332404 seconds .

========================================================================
Received Import Request.
  Time since last request: 2777.945965 seconds.
  path: Assets/04.Sprites/Map/MapSprites_Add/mantis_detail_0024_a.png
  artifactKey: Guid(cc95f569b70e69246a72239dd14434df) Importer(815301076,1909f56bfc062723c751e8b465ee728b)
Start importing Assets/04.Sprites/Map/MapSprites_Add/mantis_detail_0024_a.png using Guid(cc95f569b70e69246a72239dd14434df) Importer(815301076,1909f56bfc062723c751e8b465ee728b)  -> (artifact id: '2713869e8278d3d98a957914d03af1d1') in 0.034463 seconds
  Import took 0.039959 seconds .

========================================================================
Received Import Request.
  Time since last request: 0.000369 seconds.
  path: Assets/04.Sprites/Map/MapSprites_Add/mantis_sign_01.png
  artifactKey: Guid(494232d22254bfd4b9bf4bf9ecd4a066) Importer(815301076,1909f56bfc062723c751e8b465ee728b)
Start importing Assets/04.Sprites/Map/MapSprites_Add/mantis_sign_01.png using Guid(494232d22254bfd4b9bf4bf9ecd4a066) Importer(815301076,1909f56bfc062723c751e8b465ee728b)  -> (artifact id: 'e141da44c0616868528f3b9805067fdd') in 0.050842 seconds
  Import took 0.054918 seconds .

========================================================================
Received Import Request.
  Time since last request: 0.441385 seconds.
  path: Assets/04.Sprites/Map/MapSprites_Add/mantis_sign_01_bench.png
  artifactKey: Guid(70d141189eb38a04db330af63f15281a) Importer(815301076,1909f56bfc062723c751e8b465ee728b)
Start importing Assets/04.Sprites/Map/MapSprites_Add/mantis_sign_01_bench.png using Guid(70d141189eb38a04db330af63f15281a) Importer(815301076,1909f56bfc062723c751e8b465ee728b)  -> (artifact id: 'e04887d04a44a68d846eb2d64c3f59c7') in 0.033507 seconds
  Import took 0.039755 seconds .

========================================================================
Received Import Request.
  Time since last request: 0.000419 seconds.
  path: Assets/04.Sprites/Map/MapSprites_Add/mantis_village_outside_door.png
  artifactKey: Guid(204ce9382b3c36e45806b6bed1fc6a42) Importer(815301076,1909f56bfc062723c751e8b465ee728b)
Start importing Assets/04.Sprites/Map/MapSprites_Add/mantis_village_outside_door.png using Guid(204ce9382b3c36e45806b6bed1fc6a42) Importer(815301076,1909f56bfc062723c751e8b465ee728b)  -> (artifact id: 'f1268b599dcd711108ce5af4a4126331') in 0.048318 seconds
  Import took 0.052233 seconds .

========================================================================
Received Import Request.
  Time since last request: 0.412814 seconds.
  path: Assets/04.Sprites/Map/MapSprites_Add/mantis_window.png
  artifactKey: Guid(35ceaff679435f648ad344d15d10ad87) Importer(815301076,1909f56bfc062723c751e8b465ee728b)
Start importing Assets/04.Sprites/Map/MapSprites_Add/mantis_window.png using Guid(35ceaff679435f648ad344d15d10ad87) Importer(815301076,1909f56bfc062723c751e8b465ee728b)  -> (artifact id: '854c1967572253564afc964e57ca49d2') in 0.027095 seconds
  Import took 0.032839 seconds .

========================================================================
Received Import Request.
  Time since last request: 0.000367 seconds.
  path: Assets/04.Sprites/Map/MapSprites_Add/spines0000.png
  artifactKey: Guid(4a57222babd55574898a8e6605cd5dde) Importer(815301076,1909f56bfc062723c751e8b465ee728b)
Start importing Assets/04.Sprites/Map/MapSprites_Add/spines0000.png using Guid(4a57222babd55574898a8e6605cd5dde) Importer(815301076,1909f56bfc062723c751e8b465ee728b)  -> (artifact id: 'db0a1f267522d1cac92a7e49ce2efc07') in 0.042576 seconds
  Import took 0.046454 seconds .

========================================================================
Received Import Request.
  Time since last request: 0.000350 seconds.
  path: Assets/04.Sprites/Map/MapSprites_Add/spines0002.png
  artifactKey: Guid(78f963e4d33d80741970ba6b3459d80a) Importer(815301076,1909f56bfc062723c751e8b465ee728b)
Start importing Assets/04.Sprites/Map/MapSprites_Add/spines0002.png using Guid(78f963e4d33d80741970ba6b3459d80a) Importer(815301076,1909f56bfc062723c751e8b465ee728b)  -> (artifact id: 'b575db46ab8dab0df0781b90d992a80f') in 0.044576 seconds
  Import took 0.048160 seconds .

========================================================================
Received Import Request.
  Time since last request: 0.000228 seconds.
  path: Assets/04.Sprites/Map/MapSprites_Add/spines0001.png
  artifactKey: Guid(4bf812581e9ee6f49ab7fa5b87aeea32) Importer(815301076,1909f56bfc062723c751e8b465ee728b)
Start importing Assets/04.Sprites/Map/MapSprites_Add/spines0001.png using Guid(4bf812581e9ee6f49ab7fa5b87aeea32) Importer(815301076,1909f56bfc062723c751e8b465ee728b)  -> (artifact id: '08ccd3e7fa0ec98b9ddd29aa97f0aa2b') in 0.045054 seconds
  Import took 0.049340 seconds .

========================================================================
Received Import Request.
  Time since last request: 0.711731 seconds.
  path: Assets/04.Sprites/Map/MapSprites_Add/spines0003.png
  artifactKey: Guid(01bae3130d822d147a6b6dcce698a142) Importer(815301076,1909f56bfc062723c751e8b465ee728b)
Start importing Assets/04.Sprites/Map/MapSprites_Add/spines0003.png using Guid(01bae3130d822d147a6b6dcce698a142) Importer(815301076,1909f56bfc062723c751e8b465ee728b)  -> (artifact id: '0342f5fc21472152ff47dd73716110c4') in 0.033208 seconds
  Import took 0.039459 seconds .

========================================================================
Received Import Request.
  Time since last request: 475.344435 seconds.
  path: Assets/04.Sprites/Map/atlas0 #2026560.png
  artifactKey: Guid(d334ffc97069ec642a871e3d778a500b) Importer(815301076,1909f56bfc062723c751e8b465ee728b)
Start importing Assets/04.Sprites/Map/atlas0 #2026560.png using Guid(d334ffc97069ec642a871e3d778a500b) Importer(815301076,1909f56bfc062723c751e8b465ee728b)  -> (artifact id: '9638b2a84f12aa35b8f94cb1f5fe01fa') in 0.052933 seconds
  Import took 0.059593 seconds .

========================================================================
Received Import Request.
  Time since last request: 0.000451 seconds.
  path: Assets/04.Sprites/Map/bone_spike_04.png
  artifactKey: Guid(0d9bd593dc451b34584e740a2bb4d34c) Importer(815301076,1909f56bfc062723c751e8b465ee728b)
Start importing Assets/04.Sprites/Map/bone_spike_04.png using Guid(0d9bd593dc451b34584e740a2bb4d34c) Importer(815301076,1909f56bfc062723c751e8b465ee728b)  -> (artifact id: '21ad9e07f2b0802ba87069f7dfd119ef') in 0.026328 seconds
  Import took 0.030968 seconds .

========================================================================
Received Import Request.
  Time since last request: 0.000332 seconds.
  path: Assets/04.Sprites/Map/bone_spike_06.png
  artifactKey: Guid(c1b8c722501c10f4d9d83b39ed3acdda) Importer(815301076,1909f56bfc062723c751e8b465ee728b)
Start importing Assets/04.Sprites/Map/bone_spike_06.png using Guid(c1b8c722501c10f4d9d83b39ed3acdda) Importer(815301076,1909f56bfc062723c751e8b465ee728b)  -> (artifact id: '2dae6b9391e3f19350c79f695856e8dc') in 0.029700 seconds
  Import took 0.034331 seconds .

========================================================================
Received Import Request.
  Time since last request: 0.000380 seconds.
  path: Assets/04.Sprites/Map/bone_spike_03.png
  artifactKey: Guid(fc68918070ae64b4191e98bcce3d4441) Importer(815301076,1909f56bfc062723c751e8b465ee728b)
Start importing Assets/04.Sprites/Map/bone_spike_03.png using Guid(fc68918070ae64b4191e98bcce3d4441) Importer(815301076,1909f56bfc062723c751e8b465ee728b)  -> (artifact id: '41fb50dccfd8608a8971c25cacdb5779') in 0.027095 seconds
  Import took 0.032560 seconds .

========================================================================
Received Import Request.
  Time since last request: 62.607436 seconds.
  path: Assets/04.Sprites/Map/bone_spike_06.asset
  artifactKey: Guid(73c588cd81fa54741aaf4ed3c90aa9cc) Importer(815301076,1909f56bfc062723c751e8b465ee728b)
Start importing Assets/04.Sprites/Map/bone_spike_06.asset using Guid(73c588cd81fa54741aaf4ed3c90aa9cc) Importer(815301076,1909f56bfc062723c751e8b465ee728b)  -> (artifact id: '338119b80593719a31ec66c645792868') in 0.067033 seconds
  Import took 0.072192 seconds .

========================================================================
Received Import Request.
  Time since last request: 41.647340 seconds.
  path: Assets/04.Sprites/Map/bone_spike_04.asset
  artifactKey: Guid(d1780b8ab108e93429cb5ef3ec555901) Importer(815301076,1909f56bfc062723c751e8b465ee728b)
Start importing Assets/04.Sprites/Map/bone_spike_04.asset using Guid(d1780b8ab108e93429cb5ef3ec555901) Importer(815301076,1909f56bfc062723c751e8b465ee728b)  -> (artifact id: '6944ea1d956a23e14dd08744fb75d8a5') in 0.013791 seconds
  Import took 0.018470 seconds .

========================================================================
Received Import Request.
  Time since last request: 7.907199 seconds.
  path: Assets/04.Sprites/Map/bone_spike_03.asset
  artifactKey: Guid(f99b45f4b10f27f459959715e1667c01) Importer(815301076,1909f56bfc062723c751e8b465ee728b)
Start importing Assets/04.Sprites/Map/bone_spike_03.asset using Guid(f99b45f4b10f27f459959715e1667c01) Importer(815301076,1909f56bfc062723c751e8b465ee728b)  -> (artifact id: '71846390c8da3054e0e75fab4ab39f15') in 0.029404 seconds
  Import took 0.044700 seconds .

========================================================================
Received Import Request.
  Time since last request: 216.102555 seconds.
  path: Assets/04.Sprites/Map/bone_spike_04.png
  artifactKey: Guid(0d9bd593dc451b34584e740a2bb4d34c) Importer(815301076,1909f56bfc062723c751e8b465ee728b)
Start importing Assets/04.Sprites/Map/bone_spike_04.png using Guid(0d9bd593dc451b34584e740a2bb4d34c) Importer(815301076,1909f56bfc062723c751e8b465ee728b)  -> (artifact id: 'c887bdd7f68154fdaf5c6b7d62d844c9') in 0.023776 seconds
  Import took 0.028400 seconds .

========================================================================
Received Import Request.
  Time since last request: 22.781148 seconds.
  path: Assets/04.Sprites/Map/TileMap/bone_spike_06.asset
  artifactKey: Guid(f3f15dfee29dfac48a0d7e22537af292) Importer(815301076,1909f56bfc062723c751e8b465ee728b)
Start importing Assets/04.Sprites/Map/TileMap/bone_spike_06.asset using Guid(f3f15dfee29dfac48a0d7e22537af292) Importer(815301076,1909f56bfc062723c751e8b465ee728b)  -> (artifact id: '81bb9114cdf7f2c700bbf9a2af19b6a8') in 0.010743 seconds
  Import took 0.017132 seconds .

========================================================================
Received Import Request.
  Time since last request: 21.255715 seconds.
  path: Assets/04.Sprites/Map/bone_spike_04.png
  artifactKey: Guid(0d9bd593dc451b34584e740a2bb4d34c) Importer(815301076,1909f56bfc062723c751e8b465ee728b)
Start importing Assets/04.Sprites/Map/bone_spike_04.png using Guid(0d9bd593dc451b34584e740a2bb4d34c) Importer(815301076,1909f56bfc062723c751e8b465ee728b)  -> (artifact id: '77355a2cbe2b0e25217d8a4236672cf3') in 0.018043 seconds
  Import took 0.023112 seconds .

========================================================================
Received Import Request.
  Time since last request: 17.216523 seconds.
  path: Assets/04.Sprites/Map/bone_spike_04.png
  artifactKey: Guid(0d9bd593dc451b34584e740a2bb4d34c) Importer(815301076,1909f56bfc062723c751e8b465ee728b)
Start importing Assets/04.Sprites/Map/bone_spike_04.png using Guid(0d9bd593dc451b34584e740a2bb4d34c) Importer(815301076,1909f56bfc062723c751e8b465ee728b)  -> (artifact id: '467fe23414dbb8482430f6956a1738fc') in 0.026169 seconds
  Import took 0.030396 seconds .

========================================================================
Received Import Request.
  Time since last request: 52.924790 seconds.
  path: Assets/04.Sprites/Map/Spike.prefab
  artifactKey: Guid(69a13d54a9649e34385b7f273972c80e) Importer(815301076,1909f56bfc062723c751e8b465ee728b)
Start importing Assets/04.Sprites/Map/Spike.prefab using Guid(69a13d54a9649e34385b7f273972c80e) Importer(815301076,1909f56bfc062723c751e8b465ee728b)  -> (artifact id: '05c7601eb16cb28511bc2f40382d7baa') in 0.024492 seconds
  Import took 0.030662 seconds .

========================================================================
Received Import Request.
  Time since last request: 85.166256 seconds.
  path: Assets/04.Sprites/Map/TileMap/bone_spike_04.asset
  artifactKey: Guid(7c1101865c478d34d836846b0b193375) Importer(815301076,1909f56bfc062723c751e8b465ee728b)
Start importing Assets/04.Sprites/Map/TileMap/bone_spike_04.asset using Guid(7c1101865c478d34d836846b0b193375) Importer(815301076,1909f56bfc062723c751e8b465ee728b)  -> (artifact id: '3464852dadffc6bb4c5d68e6326aedf7') in 0.008526 seconds
  Import took 0.013234 seconds .

========================================================================
Received Import Request.
  Time since last request: 0.000365 seconds.
  path: Assets/04.Sprites/Map/TileMap/New Palette.prefab
  artifactKey: Guid(f78ab1ed09d315240a2bba08d6a3cb00) Importer(815301076,1909f56bfc062723c751e8b465ee728b)
Start importing Assets/04.Sprites/Map/TileMap/New Palette.prefab using Guid(f78ab1ed09d315240a2bba08d6a3cb00) Importer(815301076,1909f56bfc062723c751e8b465ee728b)  -> (artifact id: 'ac625ed6b536a6942132ce207c045210') in 0.013096 seconds
  Import took 0.019219 seconds .

========================================================================
Received Import Request.
  Time since last request: 70.640420 seconds.
  path: Assets/04.Sprites/Map/bone_spike_04.png
  artifactKey: Guid(0d9bd593dc451b34584e740a2bb4d34c) Importer(815301076,1909f56bfc062723c751e8b465ee728b)
Start importing Assets/04.Sprites/Map/bone_spike_04.png using Guid(0d9bd593dc451b34584e740a2bb4d34c) Importer(815301076,1909f56bfc062723c751e8b465ee728b)  -> (artifact id: 'c437b95ab7d19e701287fff6ff6099ea') in 0.026388 seconds
  Import took 0.030506 seconds .

========================================================================
Received Import Request.
  Time since last request: 85.913633 seconds.
  path: Assets/04.Sprites/Map/TileMap/Spike.prefab
  artifactKey: Guid(ffe770f3a18fbee4aa6ee70bc722a649) Importer(815301076,1909f56bfc062723c751e8b465ee728b)
Start importing Assets/04.Sprites/Map/TileMap/Spike.prefab using Guid(ffe770f3a18fbee4aa6ee70bc722a649) Importer(815301076,1909f56bfc062723c751e8b465ee728b)  -> (artifact id: '9205b3c726f10633a667b5e146f644e1') in 0.005469 seconds
  Import took 0.010596 seconds .

========================================================================
Received Import Request.
  Time since last request: 32.402941 seconds.
  path: Assets/04.Sprites/Map/bone_spike_04.png
  artifactKey: Guid(0d9bd593dc451b34584e740a2bb4d34c) Importer(815301076,1909f56bfc062723c751e8b465ee728b)
Start importing Assets/04.Sprites/Map/bone_spike_04.png using Guid(0d9bd593dc451b34584e740a2bb4d34c) Importer(815301076,1909f56bfc062723c751e8b465ee728b)  -> (artifact id: '57bd2d09015880ad1f7c29cbc604b9d0') in 0.015644 seconds
  Import took 0.019641 seconds .

========================================================================
Received Import Request.
  Time since last request: 0.025143 seconds.
  path: Assets/04.Sprites/Map/bone_spike_04.png
  artifactKey: Guid(0d9bd593dc451b34584e740a2bb4d34c) Importer(815301076,1909f56bfc062723c751e8b465ee728b)
Start importing Assets/04.Sprites/Map/bone_spike_04.png using Guid(0d9bd593dc451b34584e740a2bb4d34c) Importer(815301076,1909f56bfc062723c751e8b465ee728b)  -> (artifact id: '57bd2d09015880ad1f7c29cbc604b9d0') in 0.013430 seconds
  Import took 0.018155 seconds .

========================================================================
Received Import Request.
  Time since last request: 16.736191 seconds.
  path: Assets/04.Sprites/Map/TileMap/Spike.prefab
  artifactKey: Guid(ffe770f3a18fbee4aa6ee70bc722a649) Importer(815301076,1909f56bfc062723c751e8b465ee728b)
Start importing Assets/04.Sprites/Map/TileMap/Spike.prefab using Guid(ffe770f3a18fbee4aa6ee70bc722a649) Importer(815301076,1909f56bfc062723c751e8b465ee728b)  -> (artifact id: '797034446077297597313720b4602654') in 0.006100 seconds
  Import took 0.011047 seconds .

========================================================================
Received Import Request.
  Time since last request: 24.046276 seconds.
  path: Assets/04.Sprites/Map/bone_spike_04.png
  artifactKey: Guid(0d9bd593dc451b34584e740a2bb4d34c) Importer(815301076,1909f56bfc062723c751e8b465ee728b)
Start importing Assets/04.Sprites/Map/bone_spike_04.png using Guid(0d9bd593dc451b34584e740a2bb4d34c) Importer(815301076,1909f56bfc062723c751e8b465ee728b)  -> (artifact id: '92251dc9557d4d9c78eefd35bb14391c') in 0.020890 seconds
  Import took 0.025691 seconds .

========================================================================
Received Import Request.
  Time since last request: 9.547447 seconds.
  path: Assets/04.Sprites/Map/bone_spike_03.png
  artifactKey: Guid(fc68918070ae64b4191e98bcce3d4441) Importer(815301076,1909f56bfc062723c751e8b465ee728b)
Start importing Assets/04.Sprites/Map/bone_spike_03.png using Guid(fc68918070ae64b4191e98bcce3d4441) Importer(815301076,1909f56bfc062723c751e8b465ee728b)  -> (artifact id: 'aab091ca2e00c9bb45d6e5037aad8787') in 0.018473 seconds
  Import took 0.023394 seconds .

========================================================================
Received Import Request.
  Time since last request: 0.001065 seconds.
  path: Assets/04.Sprites/Map/bone_spike_03.png
  artifactKey: Guid(fc68918070ae64b4191e98bcce3d4441) Importer(815301076,1909f56bfc062723c751e8b465ee728b)
Start importing Assets/04.Sprites/Map/bone_spike_03.png using Guid(fc68918070ae64b4191e98bcce3d4441) Importer(815301076,1909f56bfc062723c751e8b465ee728b)  -> (artifact id: 'aab091ca2e00c9bb45d6e5037aad8787') in 0.012980 seconds
  Import took 0.018397 seconds .

========================================================================
Received Import Request.
  Time since last request: 3.871058 seconds.
  path: Assets/04.Sprites/Map/bone_spike_06.png
  artifactKey: Guid(c1b8c722501c10f4d9d83b39ed3acdda) Importer(815301076,1909f56bfc062723c751e8b465ee728b)
Start importing Assets/04.Sprites/Map/bone_spike_06.png using Guid(c1b8c722501c10f4d9d83b39ed3acdda) Importer(815301076,1909f56bfc062723c751e8b465ee728b)  -> (artifact id: 'b77b69d842584327cabe115bd65380aa') in 0.022470 seconds
  Import took 0.026719 seconds .

========================================================================
Received Import Request.
  Time since last request: 12.346907 seconds.
  path: Assets/04.Sprites/Map/bone_spike_06.png
  artifactKey: Guid(c1b8c722501c10f4d9d83b39ed3acdda) Importer(815301076,1909f56bfc062723c751e8b465ee728b)
Start importing Assets/04.Sprites/Map/bone_spike_06.png using Guid(c1b8c722501c10f4d9d83b39ed3acdda) Importer(815301076,1909f56bfc062723c751e8b465ee728b)  -> (artifact id: '914dc37fa9b9e6858a31164c2dd5d459') in 0.018152 seconds
  Import took 0.023114 seconds .

========================================================================
Received Import Request.
  Time since last request: 689.851568 seconds.
  path: Assets/04.Sprites/Map/bone_spike_03.png
  artifactKey: Guid(fc68918070ae64b4191e98bcce3d4441) Importer(815301076,1909f56bfc062723c751e8b465ee728b)
Start importing Assets/04.Sprites/Map/bone_spike_03.png using Guid(fc68918070ae64b4191e98bcce3d4441) Importer(815301076,1909f56bfc062723c751e8b465ee728b)  -> (artifact id: '744860d8ae613c6f521d52f8b59efabf') in 0.018034 seconds
  Import took 0.023453 seconds .

========================================================================
Received Import Request.
  Time since last request: 31.277583 seconds.
  path: Assets/04.Sprites/Map/bone_spike_03 1.png
  artifactKey: Guid(85a4b2e555c8e5345b20234ab276e393) Importer(815301076,1909f56bfc062723c751e8b465ee728b)
Start importing Assets/04.Sprites/Map/bone_spike_03 1.png using Guid(85a4b2e555c8e5345b20234ab276e393) Importer(815301076,1909f56bfc062723c751e8b465ee728b)  -> (artifact id: 'd748e90b9019f7fd0503ab5efabf3e60') in 0.027988 seconds
  Import took 0.032195 seconds .

========================================================================
Received Import Request.
  Time since last request: 11.217612 seconds.
  path: Assets/04.Sprites/Map/bone_spike_03 1.png
  artifactKey: Guid(85a4b2e555c8e5345b20234ab276e393) Importer(815301076,1909f56bfc062723c751e8b465ee728b)
Start importing Assets/04.Sprites/Map/bone_spike_03 1.png using Guid(85a4b2e555c8e5345b20234ab276e393) Importer(815301076,1909f56bfc062723c751e8b465ee728b)  -> (artifact id: '549240b4f3d8662fe5b1a1d15d4b9f58') in 0.028256 seconds
  Import took 0.032493 seconds .

========================================================================
Received Import Request.
  Time since last request: 343.865444 seconds.
  path: Assets/04.Sprites/Map/bone_spike_04 1.png
  artifactKey: Guid(c0a9ec947bb85f542acb4acf62db0c72) Importer(815301076,1909f56bfc062723c751e8b465ee728b)
Start importing Assets/04.Sprites/Map/bone_spike_04 1.png using Guid(c0a9ec947bb85f542acb4acf62db0c72) Importer(815301076,1909f56bfc062723c751e8b465ee728b)  -> (artifact id: 'd994c7b5fa50cbc9261c883bb655afd4') in 0.021860 seconds
  Import took 0.025993 seconds .

========================================================================
Received Import Request.
  Time since last request: 4.217868 seconds.
  path: Assets/04.Sprites/Map/bone_spike_04 1.png
  artifactKey: Guid(c0a9ec947bb85f542acb4acf62db0c72) Importer(815301076,1909f56bfc062723c751e8b465ee728b)
Start importing Assets/04.Sprites/Map/bone_spike_04 1.png using Guid(c0a9ec947bb85f542acb4acf62db0c72) Importer(815301076,1909f56bfc062723c751e8b465ee728b)  -> (artifact id: '40610b8934ebdfe82566670af42a8c63') in 0.015209 seconds
  Import took 0.020193 seconds .

========================================================================
Received Import Request.
  Time since last request: 7333.393473 seconds.
  path: Assets/04.Sprites/Player_Edit.png
  artifactKey: Guid(4fe28f23e10d8cb46b60114a233b89a2) Importer(815301076,1909f56bfc062723c751e8b465ee728b)
Start importing Assets/04.Sprites/Player_Edit.png using Guid(4fe28f23e10d8cb46b60114a233b89a2) Importer(815301076,1909f56bfc062723c751e8b465ee728b)  -> (artifact id: '282199514fe5e5132f95f97b1e8f9c4a') in 0.399990 seconds
  Import took 0.443335 seconds .

========================================================================
Received Import Request.
  Time since last request: 38.086786 seconds.
  path: Assets/04.Sprites/Player
  artifactKey: Guid(36d736cd5ade62641a4a9f156ba7cf2e) Importer(815301076,1909f56bfc062723c751e8b465ee728b)
Start importing Assets/04.Sprites/Player using Guid(36d736cd5ade62641a4a9f156ba7cf2e) Importer(815301076,1909f56bfc062723c751e8b465ee728b)  -> (artifact id: 'f69168665fe1dd50cc157cef6091480c') in 0.006358 seconds
  Import took 0.011802 seconds .

========================================================================
Received Import Request.
  Time since last request: 17.721878 seconds.
  path: Assets/04.Sprites/Enemy
  artifactKey: Guid(c95d306774c1b3b40b14982b8f96e3a4) Importer(815301076,1909f56bfc062723c751e8b465ee728b)
Start importing Assets/04.Sprites/Enemy using Guid(c95d306774c1b3b40b14982b8f96e3a4) Importer(815301076,1909f56bfc062723c751e8b465ee728b)  -> (artifact id: '2d5ad3087e07d5cfeaf23ef24367ff5c') in 0.009817 seconds
  Import took 0.015422 seconds .

========================================================================
Received Import Request.
  Time since last request: 29.836937 seconds.
  path: Assets/04.Sprites/Enemy/Mantis 1.png
  artifactKey: Guid(e3121e7733f428b4083ec9a504009319) Importer(815301076,1909f56bfc062723c751e8b465ee728b)
Start importing Assets/04.Sprites/Enemy/Mantis 1.png using Guid(e3121e7733f428b4083ec9a504009319) Importer(815301076,1909f56bfc062723c751e8b465ee728b)  -> (artifact id: '7f5d11c2d866868ef51c588e8b067320') in 0.039914 seconds
  Import took 0.045829 seconds .

========================================================================
Received Import Request.
  Time since last request: 0.000286 seconds.
  path: Assets/04.Sprites/Enemy/제목 없음.png
  artifactKey: Guid(8f2ea801c534860469a2e67c229c5ce5) Importer(815301076,1909f56bfc062723c751e8b465ee728b)
Start importing Assets/04.Sprites/Enemy/제목 없음.png using Guid(8f2ea801c534860469a2e67c229c5ce5) Importer(815301076,1909f56bfc062723c751e8b465ee728b)  -> (artifact id: '692a3ff295239c4eb653e33ac6718859') in 0.019566 seconds
  Import took 0.026121 seconds .

========================================================================
Received Import Request.
  Time since last request: 0.000868 seconds.
  path: Assets/04.Sprites/Enemy/Mantis 2.png
  artifactKey: Guid(2e000aaf5aae51d4f963bb99a31f3f42) Importer(815301076,1909f56bfc062723c751e8b465ee728b)
Start importing Assets/04.Sprites/Enemy/Mantis 2.png using Guid(2e000aaf5aae51d4f963bb99a31f3f42) Importer(815301076,1909f56bfc062723c751e8b465ee728b)  -> (artifact id: 'e645a1a877dc6a14e01fb8ed2cc826d9') in 0.023790 seconds
  Import took 0.030871 seconds .

========================================================================
Received Import Request.
  Time since last request: 0.000320 seconds.
  path: Assets/04.Sprites/Enemy/Mantis_Baby.png
  artifactKey: Guid(f992694568dc2d847ab81c3e0e71add5) Importer(815301076,1909f56bfc062723c751e8b465ee728b)
Start importing Assets/04.Sprites/Enemy/Mantis_Baby.png using Guid(f992694568dc2d847ab81c3e0e71add5) Importer(815301076,1909f56bfc062723c751e8b465ee728b)  -> (artifact id: '5846078c6ba56f3896c5e6589009c364') in 0.022704 seconds
  Import took 0.028089 seconds .

========================================================================
Received Import Request.
  Time since last request: 23.762886 seconds.
  path: Assets/02.Scripts/Player
  artifactKey: Guid(3b79dfbbcc9df4543980070506475ee4) Importer(815301076,1909f56bfc062723c751e8b465ee728b)
Start importing Assets/02.Scripts/Player using Guid(3b79dfbbcc9df4543980070506475ee4) Importer(815301076,1909f56bfc062723c751e8b465ee728b)  -> (artifact id: '73c735fdac2f21c9db615122bae2c0be') in 0.005445 seconds
  Import took 0.010960 seconds .

========================================================================
Received Import Request.
  Time since last request: 1.118108 seconds.
  path: Assets/02.Scripts/FollowCam.cs
  artifactKey: Guid(724854cb4df10794ea41a612ad8717b3) Importer(815301076,1909f56bfc062723c751e8b465ee728b)
Start importing Assets/02.Scripts/FollowCam.cs using Guid(724854cb4df10794ea41a612ad8717b3) Importer(815301076,1909f56bfc062723c751e8b465ee728b)  -> (artifact id: '492a3b2eb19b648dd945a4193e396a6b') in 0.009468 seconds
  Import took 0.013847 seconds .

========================================================================
Received Import Request.
  Time since last request: 0.003123 seconds.
  path: Assets/02.Scripts/FollowCam.cs
  artifactKey: Guid(724854cb4df10794ea41a612ad8717b3) Importer(815301076,1909f56bfc062723c751e8b465ee728b)
Start importing Assets/02.Scripts/FollowCam.cs using Guid(724854cb4df10794ea41a612ad8717b3) Importer(815301076,1909f56bfc062723c751e8b465ee728b)  -> (artifact id: '492a3b2eb19b648dd945a4193e396a6b') in 0.007032 seconds
  Import took 0.011202 seconds .

========================================================================
Received Import Request.
  Time since last request: 0.388609 seconds.
  path: Assets/02.Scripts/AttackTrail.cs
  artifactKey: Guid(2ab28bfa411013c4585bf3c2809af197) Importer(815301076,1909f56bfc062723c751e8b465ee728b)
Start importing Assets/02.Scripts/AttackTrail.cs using Guid(2ab28bfa411013c4585bf3c2809af197) Importer(815301076,1909f56bfc062723c751e8b465ee728b)  -> (artifact id: 'c73e28db3846d2f9b22f6c9a58b0f588') in 0.009220 seconds
  Import took 0.014332 seconds .

========================================================================
Received Prepare
Registering precompiled user dll's ...
Registered in 0.230810 seconds.
Begin MonoManager ReloadAssembly
Native extension for WindowsStandalone target not found
Refreshing native plugins compatible for Editor in 0.58 ms, found 3 plugins.
Preloading 0 native plugins for Editor in 0.00 ms.
Mono: successfully reloaded assembly
- Completed reload, in  1.988 seconds
Platform modules already initialized, skipping
Script is not up to date after domain reload: guid(d377bd583adaf994396ea1391deb61a3) path("Assets/02.Scripts/Enemy/Mantis_baby.cs") state(2)
Script is not up to date after domain reload: guid(8db89c9990cc92f4a80d5bb9c44d6ed4) path("Assets/02.Scripts/Enemy/UIManager.cs") state(2)
Script is not up to date after domain reload: guid(482bfbc0f8cfb2443a2585e072f35f93) path("Assets/02.Scripts/Enemy/exmonster.cs") state(2)
Script is not up to date after domain reload: guid(a04c1257733ea164380b5f4bdba82a02) path("Assets/02.Scripts/Enemy/monsterAI.cs") state(2)
Script is not up to date after domain reload: guid(3aa37462d8224584ea10342413ae7f1b) path("Assets/02.Scripts/Enemy/player.cs") state(2)
Refreshing native plugins compatible for Editor in 0.57 ms, found 3 plugins.
Preloading 0 native plugins for Editor in 0.00 ms.
Unloading 2081 Unused Serialized files (Serialized files now loaded: 0)
System memory in use before: 184.0 MB.
System memory in use after: 184.0 MB.

Unloading 21 unused Assets to reduce memory usage. Loaded Objects now: 2663.
Total: 2.665800 ms (FindLiveObjects: 0.248000 ms CreateObjectMapping: 0.098200 ms MarkObjects: 2.192300 ms  DeleteObjects: 0.126400 ms)

========================================================================
Received Prepare
Registering precompiled user dll's ...
Registered in 0.014985 seconds.
Begin MonoManager ReloadAssembly
Native extension for WindowsStandalone target not found
Refreshing native plugins compatible for Editor in 0.47 ms, found 3 plugins.
Preloading 0 native plugins for Editor in 0.00 ms.
Mono: successfully reloaded assembly
- Completed reload, in  1.275 seconds
Platform modules already initialized, skipping
Refreshing native plugins compatible for Editor in 0.71 ms, found 3 plugins.
Preloading 0 native plugins for Editor in 0.00 ms.
Unloading 2086 Unused Serialized files (Serialized files now loaded: 0)
System memory in use before: 184.1 MB.
System memory in use after: 184.1 MB.

Unloading 21 unused Assets to reduce memory usage. Loaded Objects now: 2672.
Total: 3.177400 ms (FindLiveObjects: 0.356400 ms CreateObjectMapping: 0.093500 ms MarkObjects: 2.565100 ms  DeleteObjects: 0.160600 ms)

========================================================================
Received Import Request.
  Time since last request: 48.915933 seconds.
  path: Assets/03.Prefabs/enemy
  artifactKey: Guid(efe874b39dd899c44902204a7e311828) Importer(815301076,1909f56bfc062723c751e8b465ee728b)
Start importing Assets/03.Prefabs/enemy using Guid(efe874b39dd899c44902204a7e311828) Importer(815301076,1909f56bfc062723c751e8b465ee728b)  -> (artifact id: 'b236abbe1fb2b9844d973bc3dc96f4d3') in 0.014661 seconds
  Import took 0.019303 seconds .

========================================================================
Received Import Request.
  Time since last request: 11.722929 seconds.
  path: Assets/06.Animations
  artifactKey: Guid(e56a3faaffde8974e9b379a6b06ec744) Importer(815301076,1909f56bfc062723c751e8b465ee728b)
Start importing Assets/06.Animations using Guid(e56a3faaffde8974e9b379a6b06ec744) Importer(815301076,1909f56bfc062723c751e8b465ee728b)  -> (artifact id: '1dd22a9274b34a77e4f409ab71f6001e') in 0.011498 seconds
  Import took 0.016168 seconds .

========================================================================
Received Import Request.
  Time since last request: 25.675006 seconds.
  path: Assets/06.Animations/BJY_Animation
  artifactKey: Guid(37c9b8ca0032a194790f8ab7dfbe813e) Importer(815301076,1909f56bfc062723c751e8b465ee728b)
Start importing Assets/06.Animations/BJY_Animation using Guid(37c9b8ca0032a194790f8ab7dfbe813e) Importer(815301076,1909f56bfc062723c751e8b465ee728b)  -> (artifact id: '57836198449548dd318e3a65ff7a24b5') in 0.019874 seconds
  Import took 0.031089 seconds .

========================================================================
Received Import Request.
  Time since last request: 2.323533 seconds.
  path: Assets/06.Animations/Enemy
  artifactKey: Guid(37c9b8ca0032a194790f8ab7dfbe813e) Importer(815301076,1909f56bfc062723c751e8b465ee728b)
Start importing Assets/06.Animations/Enemy using Guid(37c9b8ca0032a194790f8ab7dfbe813e) Importer(815301076,1909f56bfc062723c751e8b465ee728b)  -> (artifact id: 'c1fd4e5264516629de792190f50d72cc') in 0.008064 seconds
  Import took 0.012783 seconds .

========================================================================
Received Import Request.
  Time since last request: 11.858629 seconds.
  path: Assets/04.Sprites/UI
  artifactKey: Guid(c142573e324aea74e9970054133abf0d) Importer(815301076,1909f56bfc062723c751e8b465ee728b)
Start importing Assets/04.Sprites/UI using Guid(c142573e324aea74e9970054133abf0d) Importer(815301076,1909f56bfc062723c751e8b465ee728b)  -> (artifact id: '15c92423fbbf7f980cccb4d194770eac') in 0.009896 seconds
  Import took 0.029625 seconds .

========================================================================
Received Import Request.
  Time since last request: 94.052224 seconds.
  path: Assets/03.Prefabs/enemy/Mantis_Baby_1.prefab
  artifactKey: Guid(1a4044dc07878454f9f3c0a8a5a18817) Importer(815301076,1909f56bfc062723c751e8b465ee728b)
Start importing Assets/03.Prefabs/enemy/Mantis_Baby_1.prefab using Guid(1a4044dc07878454f9f3c0a8a5a18817) Importer(815301076,1909f56bfc062723c751e8b465ee728b)  -> (artifact id: '612d69d787055c3675b2121004df371c') in 0.046194 seconds
  Import took 0.056970 seconds .

========================================================================
Received Import Request.
  Time since last request: 0.000559 seconds.
  path: Assets/03.Prefabs/enemy/Mantis _1.prefab
  artifactKey: Guid(2ba1b48661346ce49b11c9d837f8e521) Importer(815301076,1909f56bfc062723c751e8b465ee728b)
Start importing Assets/03.Prefabs/enemy/Mantis _1.prefab using Guid(2ba1b48661346ce49b11c9d837f8e521) Importer(815301076,1909f56bfc062723c751e8b465ee728b)  -> (artifact id: 'adc51ea27773df36a081483e6804aa63') in 0.018121 seconds
  Import took 0.035923 seconds .

========================================================================
Received Import Request.
  Time since last request: 71.316084 seconds.
  path: Assets/03.Prefabs/enemy/Mantis _1.prefab
  artifactKey: Guid(2ba1b48661346ce49b11c9d837f8e521) Importer(815301076,1909f56bfc062723c751e8b465ee728b)
Start importing Assets/03.Prefabs/enemy/Mantis _1.prefab using Guid(2ba1b48661346ce49b11c9d837f8e521) Importer(815301076,1909f56bfc062723c751e8b465ee728b)  -> (artifact id: '117ceb9ab43c442ca31b42d9220d3505') in 0.012579 seconds
  Import took 0.019567 seconds .

========================================================================
Received Import Request.
  Time since last request: 41.806639 seconds.
  path: Assets/01.Scenes/SampleScene.unity
  artifactKey: Guid(2cda990e2423bbf4892e6590ba056729) Importer(815301076,1909f56bfc062723c751e8b465ee728b)
Start importing Assets/01.Scenes/SampleScene.unity using Guid(2cda990e2423bbf4892e6590ba056729) Importer(815301076,1909f56bfc062723c751e8b465ee728b)  -> (artifact id: 'c00c1381977548b69f47f61dfafe1f9b') in 0.012162 seconds
  Import took 0.016323 seconds .

========================================================================
Received Import Request.
  Time since last request: 35.012203 seconds.
  path: Assets/01.Scenes/MantisBillage_2.unity
  artifactKey: Guid(2cda990e2423bbf4892e6590ba056729) Importer(815301076,1909f56bfc062723c751e8b465ee728b)
Start importing Assets/01.Scenes/MantisBillage_2.unity using Guid(2cda990e2423bbf4892e6590ba056729) Importer(815301076,1909f56bfc062723c751e8b465ee728b)  -> (artifact id: '5ac5d66fe961647156ff6141413f5512') in 0.023547 seconds
  Import took 0.028022 seconds .

========================================================================
Received Import Request.
  Time since last request: 21.286147 seconds.
  path: Assets/01.Scenes/BJY.unity
  artifactKey: Guid(aca8d1dea78ae4442bb41b526300e822) Importer(815301076,1909f56bfc062723c751e8b465ee728b)
Start importing Assets/01.Scenes/BJY.unity using Guid(aca8d1dea78ae4442bb41b526300e822) Importer(815301076,1909f56bfc062723c751e8b465ee728b)  -> (artifact id: '44ef94891ae8c7350fd230687aa82dc8') in 0.016121 seconds
  Import took 0.020104 seconds .

========================================================================
Received Import Request.
  Time since last request: 0.000203 seconds.
  path: Assets/01.Scenes/BJY.unity
  artifactKey: Guid(aca8d1dea78ae4442bb41b526300e822) Importer(815301076,1909f56bfc062723c751e8b465ee728b)
Start importing Assets/01.Scenes/BJY.unity using Guid(aca8d1dea78ae4442bb41b526300e822) Importer(815301076,1909f56bfc062723c751e8b465ee728b)  -> (artifact id: '44ef94891ae8c7350fd230687aa82dc8') in 0.006428 seconds
  Import took 0.010453 seconds .

========================================================================
Received Import Request.
  Time since last request: 9.173073 seconds.
  path: Assets/03.Prefabs/enemy/Mantis_Baby_1.prefab
  artifactKey: Guid(1a4044dc07878454f9f3c0a8a5a18817) Importer(815301076,1909f56bfc062723c751e8b465ee728b)
Start importing Assets/03.Prefabs/enemy/Mantis_Baby_1.prefab using Guid(1a4044dc07878454f9f3c0a8a5a18817) Importer(815301076,1909f56bfc062723c751e8b465ee728b)  -> (artifact id: '75ebef70d77c337b890549dd79074b50') in 0.014461 seconds
  Import took 0.019992 seconds .

========================================================================
Received Import Request.
  Time since last request: 0.000716 seconds.
  path: Assets/03.Prefabs/enemy/Mantis_Baby_1.prefab
  artifactKey: Guid(1a4044dc07878454f9f3c0a8a5a18817) Importer(815301076,1909f56bfc062723c751e8b465ee728b)
Start importing Assets/03.Prefabs/enemy/Mantis_Baby_1.prefab using Guid(1a4044dc07878454f9f3c0a8a5a18817) Importer(815301076,1909f56bfc062723c751e8b465ee728b)  -> (artifact id: '75ebef70d77c337b890549dd79074b50') in 0.008234 seconds
  Import took 0.018627 seconds .

========================================================================
Received Import Request.
  Time since last request: 136.976445 seconds.
  path: 
  artifactKey: Guid(317b913b4d9f8db478a244840d6934fa) Importer(815301076,1909f56bfc062723c751e8b465ee728b)
Start importing  using Guid(317b913b4d9f8db478a244840d6934fa) Importer(815301076,1909f56bfc062723c751e8b465ee728b)  -> (artifact id: '00000000000000000000000000000000') in 0.000105 seconds
  ERROR: Unknown asset with GUID '317b913b4d9f8db478a244840d6934fa'
  Import took 0.050606 seconds .

========================================================================
Received Import Request.
  Time since last request: 67.263261 seconds.
  path: Assets/06.Animations/Enemy/Controllers/Mantis.controller
  artifactKey: Guid(eb2bacb8b20fb6f40b7b73d456a42545) Importer(815301076,1909f56bfc062723c751e8b465ee728b)
Start importing Assets/06.Animations/Enemy/Controllers/Mantis.controller using Guid(eb2bacb8b20fb6f40b7b73d456a42545) Importer(815301076,1909f56bfc062723c751e8b465ee728b)  -> (artifact id: '6dab877af41f4713c26def8623aca004') in 0.021620 seconds
  Import took 0.025863 seconds .

========================================================================
Received Import Request.
  Time since last request: 5.347385 seconds.
  path: Assets/06.Animations/Enemy/Animations/Mantis/Mantis_IDLE.anim
  artifactKey: Guid(7b191c489fe36e9479131189d88f919e) Importer(815301076,1909f56bfc062723c751e8b465ee728b)
Start importing Assets/06.Animations/Enemy/Animations/Mantis/Mantis_IDLE.anim using Guid(7b191c489fe36e9479131189d88f919e) Importer(815301076,1909f56bfc062723c751e8b465ee728b)  -> (artifact id: 'c9e36018775321339dba6ffbfa448973') in 0.012608 seconds
  Import took 0.016627 seconds .

========================================================================
Received Import Request.
  Time since last request: 0.000471 seconds.
  path: Assets/06.Animations/Enemy/Animations/Mantis/Mantis_IDLE.anim
  artifactKey: Guid(7b191c489fe36e9479131189d88f919e) Importer(815301076,1909f56bfc062723c751e8b465ee728b)
Start importing Assets/06.Animations/Enemy/Animations/Mantis/Mantis_IDLE.anim using Guid(7b191c489fe36e9479131189d88f919e) Importer(815301076,1909f56bfc062723c751e8b465ee728b)  -> (artifact id: 'c9e36018775321339dba6ffbfa448973') in 0.008827 seconds
  Import took 0.015158 seconds .

========================================================================
Received Prepare
Registering precompiled user dll's ...
Registered in 0.010528 seconds.
Begin MonoManager ReloadAssembly
Native extension for WindowsStandalone target not found
Refreshing native plugins compatible for Editor in 0.62 ms, found 3 plugins.
Preloading 0 native plugins for Editor in 0.00 ms.
Mono: successfully reloaded assembly
- Completed reload, in  1.259 seconds
Platform modules already initialized, skipping
Refreshing native plugins compatible for Editor in 0.93 ms, found 3 plugins.
Preloading 0 native plugins for Editor in 0.00 ms.
Unloading 2086 Unused Serialized files (Serialized files now loaded: 0)
System memory in use before: 184.2 MB.
System memory in use after: 184.1 MB.

Unloading 21 unused Assets to reduce memory usage. Loaded Objects now: 2676.
Total: 3.526900 ms (FindLiveObjects: 0.249400 ms CreateObjectMapping: 0.089900 ms MarkObjects: 3.062600 ms  DeleteObjects: 0.123600 ms)

========================================================================
Received Import Request.
  Time since last request: 323.602596 seconds.
  path: Assets/04.Sprites/Map/bone_spike_04 2.png
  artifactKey: Guid(2f508261d745fb542990c4e1e53a23a0) Importer(815301076,1909f56bfc062723c751e8b465ee728b)
Start importing Assets/04.Sprites/Map/bone_spike_04 2.png using Guid(2f508261d745fb542990c4e1e53a23a0) Importer(815301076,1909f56bfc062723c751e8b465ee728b)  -> (artifact id: '153412ba3c6c32c490c0d8a06ba59af0') in 0.083211 seconds
  Import took 0.087900 seconds .

========================================================================
Received Import Request.
  Time since last request: 20.594942 seconds.
  path: Assets/04.Sprites/Map/TileMap/bone_spike_03.asset
  artifactKey: Guid(f4a31dc1dcb7abf47805ecec639233e9) Importer(815301076,1909f56bfc062723c751e8b465ee728b)
Start importing Assets/04.Sprites/Map/TileMap/bone_spike_03.asset using Guid(f4a31dc1dcb7abf47805ecec639233e9) Importer(815301076,1909f56bfc062723c751e8b465ee728b)  -> (artifact id: '5c17554e0ef19c9d5cd9b1f6e78350cd') in 0.032445 seconds
  Import took 0.037042 seconds .

========================================================================
Received Import Request.
  Time since last request: 0.000361 seconds.
  path: Assets/04.Sprites/Map/TileMap/bone_spike_04 1.asset
  artifactKey: Guid(6f70a2518e34d2a4a9686166c19f6593) Importer(815301076,1909f56bfc062723c751e8b465ee728b)
Start importing Assets/04.Sprites/Map/TileMap/bone_spike_04 1.asset using Guid(6f70a2518e34d2a4a9686166c19f6593) Importer(815301076,1909f56bfc062723c751e8b465ee728b)  -> (artifact id: 'afc8c655fc2816a3fded739823170b27') in 0.018788 seconds
  Import took 0.022427 seconds .

========================================================================
Received Import Request.
  Time since last request: 0.000340 seconds.
  path: Assets/04.Sprites/Map/TileMap/bone_spike_04 2.asset
  artifactKey: Guid(e4d7da8f83d09f84598eab9fb326a86e) Importer(815301076,1909f56bfc062723c751e8b465ee728b)
Start importing Assets/04.Sprites/Map/TileMap/bone_spike_04 2.asset using Guid(e4d7da8f83d09f84598eab9fb326a86e) Importer(815301076,1909f56bfc062723c751e8b465ee728b)  -> (artifact id: 'f34f6b6a1f5c3e1de97817fe0901b312') in 0.009828 seconds
  Import took 0.015390 seconds .

========================================================================
Received Import Request.
  Time since last request: 3.085696 seconds.
  path: Assets/04.Sprites/Map/TileMap/Spike.prefab
  artifactKey: Guid(ffe770f3a18fbee4aa6ee70bc722a649) Importer(815301076,1909f56bfc062723c751e8b465ee728b)
Start importing Assets/04.Sprites/Map/TileMap/Spike.prefab using Guid(ffe770f3a18fbee4aa6ee70bc722a649) Importer(815301076,1909f56bfc062723c751e8b465ee728b)  -> (artifact id: '509678d26809f816f9e18b36e7b873a5') in 0.022869 seconds
  Import took 0.026752 seconds .

========================================================================
Received Import Request.
  Time since last request: 25.381388 seconds.
  path: Assets/04.Sprites/Map/TileMap/bone_spike_04.asset
  artifactKey: Guid(7c1101865c478d34d836846b0b193375) Importer(815301076,1909f56bfc062723c751e8b465ee728b)
Start importing Assets/04.Sprites/Map/TileMap/bone_spike_04.asset using Guid(7c1101865c478d34d836846b0b193375) Importer(815301076,1909f56bfc062723c751e8b465ee728b)  -> (artifact id: '52fbe5b7b3331fd4777769e5d28343ac') in 0.034559 seconds
  Import took 0.038660 seconds .

========================================================================
Received Import Request.
  Time since last request: 0.058325 seconds.
  path: Assets/04.Sprites/Map/TileMap/bone_spike_04.asset
  artifactKey: Guid(7c1101865c478d34d836846b0b193375) Importer(815301076,1909f56bfc062723c751e8b465ee728b)
Start importing Assets/04.Sprites/Map/TileMap/bone_spike_04.asset using Guid(7c1101865c478d34d836846b0b193375) Importer(815301076,1909f56bfc062723c751e8b465ee728b)  -> (artifact id: '52fbe5b7b3331fd4777769e5d28343ac') in 0.029230 seconds
  Import took 0.034307 seconds .

========================================================================
Received Import Request.
  Time since last request: 30.140119 seconds.
  path: Assets/04.Sprites/Map/TileMap/Spike.prefab
  artifactKey: Guid(ffe770f3a18fbee4aa6ee70bc722a649) Importer(815301076,1909f56bfc062723c751e8b465ee728b)
Start importing Assets/04.Sprites/Map/TileMap/Spike.prefab using Guid(ffe770f3a18fbee4aa6ee70bc722a649) Importer(815301076,1909f56bfc062723c751e8b465ee728b)  -> (artifact id: '807d3e56d34d8e13bd00f292adbfad1c') in 0.005555 seconds
  Import took 0.009716 seconds .

========================================================================
Received Import Request.
  Time since last request: 4.311959 seconds.
  path: Assets/04.Sprites/Map/TileMap/Spike.prefab
  artifactKey: Guid(ffe770f3a18fbee4aa6ee70bc722a649) Importer(815301076,1909f56bfc062723c751e8b465ee728b)
Start importing Assets/04.Sprites/Map/TileMap/Spike.prefab using Guid(ffe770f3a18fbee4aa6ee70bc722a649) Importer(815301076,1909f56bfc062723c751e8b465ee728b)  -> (artifact id: '0046b1f05ce3a1dfba1ded22b287984a') in 0.007978 seconds
  Import took 0.013834 seconds .

========================================================================
Received Import Request.
  Time since last request: 26.234049 seconds.
  path: Assets/04.Sprites/Map/TileMap
  artifactKey: Guid(5ad64fb07ab7c6e4b8676dcece377e3c) Importer(815301076,1909f56bfc062723c751e8b465ee728b)
Start importing Assets/04.Sprites/Map/TileMap using Guid(5ad64fb07ab7c6e4b8676dcece377e3c) Importer(815301076,1909f56bfc062723c751e8b465ee728b)  -> (artifact id: '6d37f1371cd475822720badba774c2e3') in 0.011077 seconds
  Import took 0.015037 seconds .

AssetImportWorkerClient::OnTransportError - code=2 error=End of file
