Using pre-set license
Built from '2020.3/staging' branch; Version is '2020.3.11f1 (99c7afb366b3) revision 10078127'; Using compiler version '192528614'; Build Type 'Release'
OS: 'Windows 10 Pro; OS build 19042.1165; Version 2009; 64bit' Language: 'ko' Physical Memory: 8150 MB
BatchMode: 1, IsHumanControllingUs: 0, StartBugReporterOnCrash: 0, Is64bit: 1, IsPro: 0

 COMMAND LINE ARGUMENTS:
C:\Program Files\Unity\Hub\Editor\2020.3.11f1\Editor\Unity.exe
-adb2
-batchMode
-noUpm
-name
AssetImportWorker0
-projectPath
C:/Users/admin/Documents/GitHub/Unity/Practice/Task_HollowKnight_Player_Test
-logFile
Logs/AssetImportWorker0.log
-srvPort
60924
Successfully changed project path to: C:/Users/admin/Documents/GitHub/Unity/Practice/Task_HollowKnight_Player_Test
C:/Users/admin/Documents/GitHub/Unity/Practice/Task_HollowKnight_Player_Test
Using Asset Import Pipeline V2.
Refreshing native plugins compatible for Editor in 51.66 ms, found 3 plugins.
Preloading 0 native plugins for Editor in 0.00 ms.
Initialize engine version: 2020.3.11f1 (99c7afb366b3)
[Subsystems] Discovering subsystems at path C:/Program Files/Unity/Hub/Editor/2020.3.11f1/Editor/Data/Resources/UnitySubsystems
[Subsystems] Discovering subsystems at path C:/Users/admin/Documents/GitHub/Unity/Practice/Task_HollowKnight_Player_Test/Assets
GfxDevice: creating device client; threaded=0
Direct3D:
    Version:  Direct3D 11.0 [level 11.1]
    Renderer: NVIDIA GeForce GTX 1050 Ti (ID=0x1c82)
    Vendor:   
    VRAM:     4018 MB
    Driver:   27.21.14.5671
Initialize mono
Mono path[0] = 'C:/Program Files/Unity/Hub/Editor/2020.3.11f1/Editor/Data/Managed'
Mono path[1] = 'C:/Program Files/Unity/Hub/Editor/2020.3.11f1/Editor/Data/MonoBleedingEdge/lib/mono/unityjit'
Mono config path = 'C:/Program Files/Unity/Hub/Editor/2020.3.11f1/Editor/Data/MonoBleedingEdge/etc'
Using monoOptions --debugger-agent=transport=dt_socket,embedding=1,server=y,suspend=n,address=127.0.0.1:56052
Begin MonoManager ReloadAssembly
Registering precompiled unity dll's ...
Register platform support module: C:/Program Files/Unity/Hub/Editor/2020.3.11f1/Editor/Data/PlaybackEngines/WindowsStandaloneSupport/UnityEditor.WindowsStandalone.Extensions.dll
Registered in 0.002346 seconds.
Native extension for WindowsStandalone target not found
Refreshing native plugins compatible for Editor in 45.85 ms, found 3 plugins.
Preloading 0 native plugins for Editor in 0.00 ms.
Mono: successfully reloaded assembly
- Completed reload, in  2.144 seconds
Platform modules already initialized, skipping
Registering precompiled user dll's ...
Registered in 0.004746 seconds.
Begin MonoManager ReloadAssembly
Native extension for WindowsStandalone target not found
Refreshing native plugins compatible for Editor in 44.60 ms, found 3 plugins.
Preloading 0 native plugins for Editor in 0.00 ms.
Mono: successfully reloaded assembly
- Completed reload, in  1.289 seconds
Platform modules already initialized, skipping
========================================================================
Worker process is ready to serve import requests
Launched and connected shader compiler UnityShaderCompiler.exe after 0.06 seconds
Refreshing native plugins compatible for Editor in 0.49 ms, found 3 plugins.
Preloading 0 native plugins for Editor in 0.00 ms.
Unloading 2093 Unused Serialized files (Serialized files now loaded: 0)
System memory in use before: 180.9 MB.
System memory in use after: 180.9 MB.

Unloading 33 unused Assets to reduce memory usage. Loaded Objects now: 2552.
Total: 2.632300 ms (FindLiveObjects: 0.227300 ms CreateObjectMapping: 0.101500 ms MarkObjects: 2.127700 ms  DeleteObjects: 0.174500 ms)

========================================================================
Received Import Request.
  path: Assets/04.Sprites/Map/bone_spike_04 2.png
  artifactKey: Guid(2f508261d745fb542990c4e1e53a23a0) Importer(815301076,1909f56bfc062723c751e8b465ee728b)
Start importing Assets/04.Sprites/Map/bone_spike_04 2.png using Guid(2f508261d745fb542990c4e1e53a23a0) Importer(815301076,1909f56bfc062723c751e8b465ee728b)  -> (artifact id: '1819c8a9ca83941cf30e4041e215fb73') in 0.182589 seconds
  Import took 0.186826 seconds .

========================================================================
Received Import Request.
  Time since last request: 531.212503 seconds.
  path: Assets/04.Sprites/Map/TileMap/bone_spike_03 1.asset
  artifactKey: Guid(1354142a149121345ae9871eacb3bed5) Importer(815301076,1909f56bfc062723c751e8b465ee728b)
Start importing Assets/04.Sprites/Map/TileMap/bone_spike_03 1.asset using Guid(1354142a149121345ae9871eacb3bed5) Importer(815301076,1909f56bfc062723c751e8b465ee728b)  -> (artifact id: '6efc3b55f80381e91d348e1416aef630') in 0.030933 seconds
  Import took 0.037137 seconds .

========================================================================
Received Import Request.
  Time since last request: 0.000235 seconds.
  path: Assets/04.Sprites/Map/TileMap/Spike.prefab
  artifactKey: Guid(ffe770f3a18fbee4aa6ee70bc722a649) Importer(815301076,1909f56bfc062723c751e8b465ee728b)
Start importing Assets/04.Sprites/Map/TileMap/Spike.prefab using Guid(ffe770f3a18fbee4aa6ee70bc722a649) Importer(815301076,1909f56bfc062723c751e8b465ee728b)  -> (artifact id: '1899286dbe5ad765b8c9943bf56f968c') in 0.025793 seconds
  Import took 0.030580 seconds .

========================================================================
Received Import Request.
  Time since last request: 9.913469 seconds.
  path: Assets/04.Sprites/Map/TileMap/Spike.prefab
  artifactKey: Guid(ffe770f3a18fbee4aa6ee70bc722a649) Importer(815301076,1909f56bfc062723c751e8b465ee728b)
Start importing Assets/04.Sprites/Map/TileMap/Spike.prefab using Guid(ffe770f3a18fbee4aa6ee70bc722a649) Importer(815301076,1909f56bfc062723c751e8b465ee728b)  -> (artifact id: '9bbd73077021fbabc284e5342794f9a4') in 0.010312 seconds
  Import took 0.015708 seconds .

========================================================================
Received Import Request.
  Time since last request: 4.783769 seconds.
  path: Assets/04.Sprites/Map/TileMap/Spike.prefab
  artifactKey: Guid(ffe770f3a18fbee4aa6ee70bc722a649) Importer(815301076,1909f56bfc062723c751e8b465ee728b)
Start importing Assets/04.Sprites/Map/TileMap/Spike.prefab using Guid(ffe770f3a18fbee4aa6ee70bc722a649) Importer(815301076,1909f56bfc062723c751e8b465ee728b)  -> (artifact id: '18ef1d2aa87ffdee8e19ff81cbec2601') in 0.007239 seconds
  Import took 0.011874 seconds .

========================================================================
Received Import Request.
  Time since last request: 93.246255 seconds.
  path: Assets/04.Sprites/Map/TileMap/TilePalette.prefab
  artifactKey: Guid(ffe770f3a18fbee4aa6ee70bc722a649) Importer(815301076,1909f56bfc062723c751e8b465ee728b)
Start importing Assets/04.Sprites/Map/TileMap/TilePalette.prefab using Guid(ffe770f3a18fbee4aa6ee70bc722a649) Importer(815301076,1909f56bfc062723c751e8b465ee728b)  -> (artifact id: '1a1e0da71ac8f0525815944c966fcc8f') in 0.014415 seconds
  Import took 0.018984 seconds .

========================================================================
Received Import Request.
  Time since last request: 0.001255 seconds.
  path: Assets/04.Sprites/Map/TileMap/TilePalette.prefab
  artifactKey: Guid(ffe770f3a18fbee4aa6ee70bc722a649) Importer(815301076,1909f56bfc062723c751e8b465ee728b)
Start importing Assets/04.Sprites/Map/TileMap/TilePalette.prefab using Guid(ffe770f3a18fbee4aa6ee70bc722a649) Importer(815301076,1909f56bfc062723c751e8b465ee728b)  -> (artifact id: '1a1e0da71ac8f0525815944c966fcc8f') in 0.008533 seconds
  Import took 0.013206 seconds .

========================================================================
Received Import Request.
  Time since last request: 12.328344 seconds.
  path: Assets/01.Scenes/BJY.unity
  artifactKey: Guid(aca8d1dea78ae4442bb41b526300e822) Importer(815301076,1909f56bfc062723c751e8b465ee728b)
Start importing Assets/01.Scenes/BJY.unity using Guid(aca8d1dea78ae4442bb41b526300e822) Importer(815301076,1909f56bfc062723c751e8b465ee728b)  -> (artifact id: '15ea8ae3e4f5d8ebc2d898d15c870af8') in 0.013407 seconds
  Import took 0.017975 seconds .

========================================================================
Received Import Request.
  Time since last request: 30.181969 seconds.
  path: Assets/04.Sprites/Enemy/Mantis 2.png
  artifactKey: Guid(90a951a1ffcf121429b71473dbff506f) Importer(815301076,1909f56bfc062723c751e8b465ee728b)
Start importing Assets/04.Sprites/Enemy/Mantis 2.png using Guid(90a951a1ffcf121429b71473dbff506f) Importer(815301076,1909f56bfc062723c751e8b465ee728b)  -> (artifact id: '83eb572295f71fcd0712f944e4b313a9') in 0.185229 seconds
  Import took 0.190788 seconds .

========================================================================
Received Import Request.
  Time since last request: 0.000254 seconds.
  path: Assets/04.Sprites/Enemy/Mantis 1.png
  artifactKey: Guid(97c943753fb3c2a4c8fd1a86be81b4d9) Importer(815301076,1909f56bfc062723c751e8b465ee728b)
Start importing Assets/04.Sprites/Enemy/Mantis 1.png using Guid(97c943753fb3c2a4c8fd1a86be81b4d9) Importer(815301076,1909f56bfc062723c751e8b465ee728b)  -> (artifact id: 'cf7278524cefcad65b4ab85f26c6603c') in 0.164085 seconds
  Import took 0.168842 seconds .

========================================================================
Received Prepare
Registering precompiled user dll's ...
Registered in 0.005031 seconds.
Begin MonoManager ReloadAssembly
Native extension for WindowsStandalone target not found
Refreshing native plugins compatible for Editor in 0.50 ms, found 3 plugins.
Preloading 0 native plugins for Editor in 0.00 ms.
Mono: successfully reloaded assembly
- Completed reload, in  1.108 seconds
Platform modules already initialized, skipping
Refreshing native plugins compatible for Editor in 0.52 ms, found 3 plugins.
Preloading 0 native plugins for Editor in 0.00 ms.
Unloading 2086 Unused Serialized files (Serialized files now loaded: 0)
System memory in use before: 183.8 MB.
System memory in use after: 183.8 MB.

Unloading 21 unused Assets to reduce memory usage. Loaded Objects now: 2680.
Total: 2.663900 ms (FindLiveObjects: 0.210700 ms CreateObjectMapping: 0.081900 ms MarkObjects: 2.207900 ms  DeleteObjects: 0.162100 ms)

========================================================================
Received Prepare
Registering precompiled user dll's ...
Registered in 0.004831 seconds.
Begin MonoManager ReloadAssembly
Native extension for WindowsStandalone target not found
Refreshing native plugins compatible for Editor in 0.53 ms, found 3 plugins.
Preloading 0 native plugins for Editor in 0.00 ms.
Mono: successfully reloaded assembly
- Completed reload, in  1.582 seconds
Platform modules already initialized, skipping
Refreshing native plugins compatible for Editor in 0.83 ms, found 3 plugins.
Preloading 0 native plugins for Editor in 0.00 ms.
Unloading 2086 Unused Serialized files (Serialized files now loaded: 0)
System memory in use before: 183.9 MB.
System memory in use after: 183.9 MB.

Unloading 21 unused Assets to reduce memory usage. Loaded Objects now: 2684.
Total: 3.224800 ms (FindLiveObjects: 0.266400 ms CreateObjectMapping: 0.098600 ms MarkObjects: 2.731800 ms  DeleteObjects: 0.126800 ms)

========================================================================
Received Import Request.
  Time since last request: 148.803733 seconds.
  path: Assets/04.Sprites/Enemy/Mantis 1.png
  artifactKey: Guid(97c943753fb3c2a4c8fd1a86be81b4d9) Importer(815301076,1909f56bfc062723c751e8b465ee728b)
Start importing Assets/04.Sprites/Enemy/Mantis 1.png using Guid(97c943753fb3c2a4c8fd1a86be81b4d9) Importer(815301076,1909f56bfc062723c751e8b465ee728b)  -> (artifact id: '139ef4880b30ac7facd9b0012ab0fedb') in 0.255981 seconds
  Import took 0.262849 seconds .

========================================================================
Received Import Request.
  Time since last request: 0.002306 seconds.
  path: Assets/04.Sprites/Enemy/Mantis 1.png
  artifactKey: Guid(97c943753fb3c2a4c8fd1a86be81b4d9) Importer(815301076,1909f56bfc062723c751e8b465ee728b)
Start importing Assets/04.Sprites/Enemy/Mantis 1.png using Guid(97c943753fb3c2a4c8fd1a86be81b4d9) Importer(815301076,1909f56bfc062723c751e8b465ee728b)  -> (artifact id: '139ef4880b30ac7facd9b0012ab0fedb') in 0.139664 seconds
  Import took 0.144977 seconds .

========================================================================
Received Prepare
Registering precompiled user dll's ...
Registered in 0.007358 seconds.
Begin MonoManager ReloadAssembly
Native extension for WindowsStandalone target not found
Refreshing native plugins compatible for Editor in 0.49 ms, found 3 plugins.
Preloading 0 native plugins for Editor in 0.00 ms.
Mono: successfully reloaded assembly
- Completed reload, in  1.089 seconds
Platform modules already initialized, skipping
Refreshing native plugins compatible for Editor in 0.52 ms, found 3 plugins.
Preloading 0 native plugins for Editor in 0.00 ms.
Unloading 2086 Unused Serialized files (Serialized files now loaded: 0)
System memory in use before: 183.9 MB.
System memory in use after: 183.9 MB.

Unloading 21 unused Assets to reduce memory usage. Loaded Objects now: 2691.
Total: 2.732400 ms (FindLiveObjects: 0.210900 ms CreateObjectMapping: 0.085000 ms MarkObjects: 2.108900 ms  DeleteObjects: 0.326300 ms)

========================================================================
Received Prepare
Registering precompiled user dll's ...
Registered in 0.005931 seconds.
Begin MonoManager ReloadAssembly
Native extension for WindowsStandalone target not found
Refreshing native plugins compatible for Editor in 0.43 ms, found 3 plugins.
Preloading 0 native plugins for Editor in 0.00 ms.
Mono: successfully reloaded assembly
- Completed reload, in  1.087 seconds
Platform modules already initialized, skipping
Refreshing native plugins compatible for Editor in 0.52 ms, found 3 plugins.
Preloading 0 native plugins for Editor in 0.00 ms.
Unloading 2086 Unused Serialized files (Serialized files now loaded: 0)
System memory in use before: 183.9 MB.
System memory in use after: 183.9 MB.

Unloading 21 unused Assets to reduce memory usage. Loaded Objects now: 2695.
Total: 2.636800 ms (FindLiveObjects: 0.226300 ms CreateObjectMapping: 0.086100 ms MarkObjects: 2.078300 ms  DeleteObjects: 0.245000 ms)

========================================================================
Received Prepare
Registering precompiled user dll's ...
Registered in 0.007125 seconds.
Begin MonoManager ReloadAssembly
Native extension for WindowsStandalone target not found
Refreshing native plugins compatible for Editor in 0.50 ms, found 3 plugins.
Preloading 0 native plugins for Editor in 0.00 ms.
Mono: successfully reloaded assembly
- Completed reload, in  1.626 seconds
Platform modules already initialized, skipping
Refreshing native plugins compatible for Editor in 0.73 ms, found 3 plugins.
Preloading 0 native plugins for Editor in 0.00 ms.
Unloading 2086 Unused Serialized files (Serialized files now loaded: 0)
System memory in use before: 184.0 MB.
System memory in use after: 183.9 MB.

Unloading 21 unused Assets to reduce memory usage. Loaded Objects now: 2699.
Total: 4.087800 ms (FindLiveObjects: 0.325100 ms CreateObjectMapping: 0.189400 ms MarkObjects: 3.432500 ms  DeleteObjects: 0.139700 ms)

========================================================================
Received Prepare
Registering precompiled user dll's ...
Registered in 0.004746 seconds.
Begin MonoManager ReloadAssembly
Native extension for WindowsStandalone target not found
Refreshing native plugins compatible for Editor in 0.54 ms, found 3 plugins.
Preloading 0 native plugins for Editor in 0.00 ms.
Mono: successfully reloaded assembly
- Completed reload, in  1.073 seconds
Platform modules already initialized, skipping
Refreshing native plugins compatible for Editor in 0.52 ms, found 3 plugins.
Preloading 0 native plugins for Editor in 0.00 ms.
Unloading 2086 Unused Serialized files (Serialized files now loaded: 0)
System memory in use before: 184.0 MB.
System memory in use after: 183.9 MB.

Unloading 21 unused Assets to reduce memory usage. Loaded Objects now: 2703.
Total: 2.904800 ms (FindLiveObjects: 0.226300 ms CreateObjectMapping: 0.088700 ms MarkObjects: 2.423000 ms  DeleteObjects: 0.149600 ms)

========================================================================
Received Prepare
Registering precompiled user dll's ...
Registered in 0.005092 seconds.
Begin MonoManager ReloadAssembly
Native extension for WindowsStandalone target not found
Refreshing native plugins compatible for Editor in 0.51 ms, found 3 plugins.
Preloading 0 native plugins for Editor in 0.00 ms.
Mono: successfully reloaded assembly
- Completed reload, in  1.071 seconds
Platform modules already initialized, skipping
Refreshing native plugins compatible for Editor in 0.50 ms, found 3 plugins.
Preloading 0 native plugins for Editor in 0.00 ms.
Unloading 2086 Unused Serialized files (Serialized files now loaded: 0)
System memory in use before: 184.0 MB.
System memory in use after: 184.0 MB.

Unloading 21 unused Assets to reduce memory usage. Loaded Objects now: 2707.
Total: 2.590900 ms (FindLiveObjects: 0.219700 ms CreateObjectMapping: 0.088000 ms MarkObjects: 2.125000 ms  DeleteObjects: 0.157200 ms)

========================================================================
Received Prepare
Registering precompiled user dll's ...
Registered in 0.005550 seconds.
Begin MonoManager ReloadAssembly
Native extension for WindowsStandalone target not found
Refreshing native plugins compatible for Editor in 0.46 ms, found 3 plugins.
Preloading 0 native plugins for Editor in 0.00 ms.
Mono: successfully reloaded assembly
- Completed reload, in  1.149 seconds
Platform modules already initialized, skipping
Refreshing native plugins compatible for Editor in 0.51 ms, found 3 plugins.
Preloading 0 native plugins for Editor in 0.00 ms.
Unloading 2086 Unused Serialized files (Serialized files now loaded: 0)
System memory in use before: 184.1 MB.
System memory in use after: 184.1 MB.

Unloading 21 unused Assets to reduce memory usage. Loaded Objects now: 2711.
Total: 2.779300 ms (FindLiveObjects: 0.225400 ms CreateObjectMapping: 0.082900 ms MarkObjects: 2.308300 ms  DeleteObjects: 0.161900 ms)

========================================================================
Received Import Request.
  Time since last request: 257.249962 seconds.
  path: Assets/01.Scenes/MantisBillage_2.unity
  artifactKey: Guid(2cda990e2423bbf4892e6590ba056729) Importer(815301076,1909f56bfc062723c751e8b465ee728b)
Start importing Assets/01.Scenes/MantisBillage_2.unity using Guid(2cda990e2423bbf4892e6590ba056729) Importer(815301076,1909f56bfc062723c751e8b465ee728b)  -> (artifact id: '3054eccf94e8cad4f7ff8eb0dfe0864e') in 0.026421 seconds
  Import took 0.030836 seconds .

========================================================================
Received Import Request.
  Time since last request: 14.685167 seconds.
  path: Assets/04.Sprites/Map/TileMap/TilePalette.prefab
  artifactKey: Guid(ffe770f3a18fbee4aa6ee70bc722a649) Importer(815301076,1909f56bfc062723c751e8b465ee728b)
Start importing Assets/04.Sprites/Map/TileMap/TilePalette.prefab using Guid(ffe770f3a18fbee4aa6ee70bc722a649) Importer(815301076,1909f56bfc062723c751e8b465ee728b)  -> (artifact id: '9e8f5e2508294c6c8f21da7fb9091169') in 0.021134 seconds
  Import took 0.026491 seconds .

========================================================================
Received Import Request.
  Time since last request: 11.642594 seconds.
  path: Assets/04.Sprites/Map/TileMap/TilePalette.prefab
  artifactKey: Guid(ffe770f3a18fbee4aa6ee70bc722a649) Importer(815301076,1909f56bfc062723c751e8b465ee728b)
Start importing Assets/04.Sprites/Map/TileMap/TilePalette.prefab using Guid(ffe770f3a18fbee4aa6ee70bc722a649) Importer(815301076,1909f56bfc062723c751e8b465ee728b)  -> (artifact id: '274003ba33af922c6b7ed70302c459a5') in 0.008051 seconds
  Import took 0.015495 seconds .

========================================================================
Received Import Request.
  Time since last request: 3.071675 seconds.
  path: Assets/04.Sprites/Map/TileMap/TilePalette.prefab
  artifactKey: Guid(ffe770f3a18fbee4aa6ee70bc722a649) Importer(815301076,1909f56bfc062723c751e8b465ee728b)
Start importing Assets/04.Sprites/Map/TileMap/TilePalette.prefab using Guid(ffe770f3a18fbee4aa6ee70bc722a649) Importer(815301076,1909f56bfc062723c751e8b465ee728b)  -> (artifact id: '8ab00c4ca22ace602559a66b361e1054') in 0.009188 seconds
  Import took 0.015595 seconds .

========================================================================
Received Import Request.
  Time since last request: 22.245992 seconds.
  path: Assets/04.Sprites/Map/TileMap/TilePalette.prefab
  artifactKey: Guid(ffe770f3a18fbee4aa6ee70bc722a649) Importer(815301076,1909f56bfc062723c751e8b465ee728b)
Start importing Assets/04.Sprites/Map/TileMap/TilePalette.prefab using Guid(ffe770f3a18fbee4aa6ee70bc722a649) Importer(815301076,1909f56bfc062723c751e8b465ee728b)  -> (artifact id: '3804953045bcc05d2a2e564831ab41e3') in 0.008157 seconds
  Import took 0.014476 seconds .

========================================================================
Received Import Request.
  Time since last request: 3.429753 seconds.
  path: Assets/04.Sprites/Map/TileMap/TilePalette.prefab
  artifactKey: Guid(ffe770f3a18fbee4aa6ee70bc722a649) Importer(815301076,1909f56bfc062723c751e8b465ee728b)
Start importing Assets/04.Sprites/Map/TileMap/TilePalette.prefab using Guid(ffe770f3a18fbee4aa6ee70bc722a649) Importer(815301076,1909f56bfc062723c751e8b465ee728b)  -> (artifact id: 'fa18f80eb242265b834c72114e526aca') in 0.008535 seconds
  Import took 0.014474 seconds .

========================================================================
Received Import Request.
  Time since last request: 10.068744 seconds.
  path: Assets/04.Sprites/Map/TileMap/TilePalette.prefab
  artifactKey: Guid(ffe770f3a18fbee4aa6ee70bc722a649) Importer(815301076,1909f56bfc062723c751e8b465ee728b)
Start importing Assets/04.Sprites/Map/TileMap/TilePalette.prefab using Guid(ffe770f3a18fbee4aa6ee70bc722a649) Importer(815301076,1909f56bfc062723c751e8b465ee728b)  -> (artifact id: 'b53ad46e5d881269064969e77b2f10fc') in 0.007887 seconds
  Import took 0.013400 seconds .

========================================================================
Received Import Request.
  Time since last request: 6.522735 seconds.
  path: Assets/04.Sprites/Map/TileMap/TilePalette.prefab
  artifactKey: Guid(ffe770f3a18fbee4aa6ee70bc722a649) Importer(815301076,1909f56bfc062723c751e8b465ee728b)
Start importing Assets/04.Sprites/Map/TileMap/TilePalette.prefab using Guid(ffe770f3a18fbee4aa6ee70bc722a649) Importer(815301076,1909f56bfc062723c751e8b465ee728b)  -> (artifact id: 'cb72dc399daa9b5dddad8eb779437450') in 0.009041 seconds
  Import took 0.014891 seconds .

========================================================================
Received Import Request.
  Time since last request: 2.321653 seconds.
  path: Assets/04.Sprites/Map/TileMap/TilePalette.prefab
  artifactKey: Guid(ffe770f3a18fbee4aa6ee70bc722a649) Importer(815301076,1909f56bfc062723c751e8b465ee728b)
Start importing Assets/04.Sprites/Map/TileMap/TilePalette.prefab using Guid(ffe770f3a18fbee4aa6ee70bc722a649) Importer(815301076,1909f56bfc062723c751e8b465ee728b)  -> (artifact id: '85c585186575bb1fb213187204f43b8d') in 0.008327 seconds
  Import took 0.014737 seconds .

========================================================================
Received Import Request.
  Time since last request: 3.303059 seconds.
  path: Assets/04.Sprites/Map/TileMap/TilePalette.prefab
  artifactKey: Guid(ffe770f3a18fbee4aa6ee70bc722a649) Importer(815301076,1909f56bfc062723c751e8b465ee728b)
Start importing Assets/04.Sprites/Map/TileMap/TilePalette.prefab using Guid(ffe770f3a18fbee4aa6ee70bc722a649) Importer(815301076,1909f56bfc062723c751e8b465ee728b)  -> (artifact id: '0df80e9721d360e8f789cb20a9f51310') in 0.007872 seconds
  Import took 0.012982 seconds .

========================================================================
Received Import Request.
  Time since last request: 135.148923 seconds.
  path: Assets/04.Sprites/Map/TileMap/1nI9wN5_0.asset
  artifactKey: Guid(acadc31bc8248b44d94415a1d020edae) Importer(815301076,1909f56bfc062723c751e8b465ee728b)
Start importing Assets/04.Sprites/Map/TileMap/1nI9wN5_0.asset using Guid(acadc31bc8248b44d94415a1d020edae) Importer(815301076,1909f56bfc062723c751e8b465ee728b)  -> (artifact id: 'ffa5dc629979fc4c87b94148e544c1e3') in 0.033850 seconds
  Import took 0.038519 seconds .

========================================================================
Received Import Request.
  Time since last request: 0.000363 seconds.
  path: Assets/04.Sprites/Map/TileMap/TilePalette.prefab
  artifactKey: Guid(ffe770f3a18fbee4aa6ee70bc722a649) Importer(815301076,1909f56bfc062723c751e8b465ee728b)
Start importing Assets/04.Sprites/Map/TileMap/TilePalette.prefab using Guid(ffe770f3a18fbee4aa6ee70bc722a649) Importer(815301076,1909f56bfc062723c751e8b465ee728b)  -> (artifact id: '2210c5b6eccb4f1aab2a9a0bb5efa98a') in 0.008019 seconds
  Import took 0.012791 seconds .

========================================================================
Received Import Request.
  Time since last request: 9.291678 seconds.
  path: Assets/04.Sprites/Map/TileMap/TilePalette.prefab
  artifactKey: Guid(ffe770f3a18fbee4aa6ee70bc722a649) Importer(815301076,1909f56bfc062723c751e8b465ee728b)
Start importing Assets/04.Sprites/Map/TileMap/TilePalette.prefab using Guid(ffe770f3a18fbee4aa6ee70bc722a649) Importer(815301076,1909f56bfc062723c751e8b465ee728b)  -> (artifact id: '3ddda307142cba57ebaf7d19129b9321') in 0.007175 seconds
  Import took 0.013466 seconds .

========================================================================
Received Import Request.
  Time since last request: 44.229476 seconds.
  path: Assets/04.Sprites/Map/Floor
  artifactKey: Guid(9f4ac695f8a1bbe45abf2172d036730e) Importer(815301076,1909f56bfc062723c751e8b465ee728b)
Start importing Assets/04.Sprites/Map/Floor using Guid(9f4ac695f8a1bbe45abf2172d036730e) Importer(815301076,1909f56bfc062723c751e8b465ee728b)  -> (artifact id: 'ea4391cd52837d29352547af707041c1') in 0.007918 seconds
  Import took 0.013294 seconds .

